2025-11-03T00:25:55: There was an uncaught error in the middle of the stream while rendering /tags/Web3. TypeError: Cannot read properties of undefined (reading 'map')
    at file:///root/Chainflow-Trading/dist/server/chunks/Tag_NqRzAL3y.mjs:11:376
    at AstroComponentInstance.Tag [as factory] (file:///root/Chainflow-Trading/dist/server/chunks/astro/server_CxznqVg0.mjs:389:12)
    at AstroComponentInstance.init (file:///root/Chainflow-Trading/dist/server/chunks/astro/server_CxznqVg0.mjs:1456:29)
    at AstroComponentInstance.render (file:///root/Chainflow-Trading/dist/server/chunks/astro/server_CxznqVg0.mjs:1466:30)
    at Object.render (file:///root/Chainflow-Trading/dist/server/chunks/astro/server_CxznqVg0.mjs:2227:23)
    at renderChild (file:///root/Chainflow-Trading/dist/server/chunks/astro/server_CxznqVg0.mjs:1364:18)
    at file:///root/Chainflow-Trading/dist/server/chunks/astro/server_CxznqVg0.mjs:1153:18
    at new BufferedRenderer (file:///root/Chainflow-Trading/dist/server/chunks/astro/server_CxznqVg0.mjs:1048:26)
    at createBufferedRenderer (file:///root/Chainflow-Trading/dist/server/chunks/astro/server_CxznqVg0.mjs:1072:10)
    at file:///root/Chainflow-Trading/dist/server/chunks/astro/server_CxznqVg0.mjs:1151:14
2025-11-03T00:27:48: 00:27:48 [ERROR] TypeError: Cannot read properties of undefined (reading 'name')
    at file:///root/Chainflow-Trading/dist/server/pages/author/_author_.astro.mjs:21:24
    at [author] (file:///root/Chainflow-Trading/dist/server/chunks/astro/server_CxznqVg0.mjs:389:12)
    at callComponentAsTemplateResultOrResponse (file:///root/Chainflow-Trading/dist/server/chunks/astro/server_CxznqVg0.mjs:1587:31)
    at renderToAsyncIterable (file:///root/Chainflow-Trading/dist/server/chunks/astro/server_CxznqVg0.mjs:1629:32)
    at renderPage (file:///root/Chainflow-Trading/dist/server/chunks/astro/server_CxznqVg0.mjs:2493:30)
    at lastNext (file:///root/Chainflow-Trading/dist/server/chunks/_@astrojs-ssr-adapter_vn36XpX7.mjs:2219:31)
    at async file:///root/Chainflow-Trading/dist/server/chunks/_@astrojs-ssr-adapter_vn36XpX7.mjs:252:22
    at async callMiddleware (file:///root/Chainflow-Trading/dist/server/chunks/_@astrojs-ssr-adapter_vn36XpX7.mjs:988:10)
    at async RenderContext.render (file:///root/Chainflow-Trading/dist/server/chunks/_@astrojs-ssr-adapter_vn36XpX7.mjs:2253:22)
    at async NodeApp.render (file:///root/Chainflow-Trading/dist/server/chunks/_@astrojs-ssr-adapter_vn36XpX7.mjs:2970:18)
2025-11-03T00:28:06: 00:28:06 [ERROR] TypeError: Cannot read properties of undefined (reading 'name')
    at file:///root/Chainflow-Trading/dist/server/pages/author/_author_.astro.mjs:21:24
    at [author] (file:///root/Chainflow-Trading/dist/server/chunks/astro/server_CxznqVg0.mjs:389:12)
    at callComponentAsTemplateResultOrResponse (file:///root/Chainflow-Trading/dist/server/chunks/astro/server_CxznqVg0.mjs:1587:31)
    at renderToAsyncIterable (file:///root/Chainflow-Trading/dist/server/chunks/astro/server_CxznqVg0.mjs:1629:32)
    at renderPage (file:///root/Chainflow-Trading/dist/server/chunks/astro/server_CxznqVg0.mjs:2493:30)
    at lastNext (file:///root/Chainflow-Trading/dist/server/chunks/_@astrojs-ssr-adapter_vn36XpX7.mjs:2219:31)
    at async file:///root/Chainflow-Trading/dist/server/chunks/_@astrojs-ssr-adapter_vn36XpX7.mjs:252:22
    at async callMiddleware (file:///root/Chainflow-Trading/dist/server/chunks/_@astrojs-ssr-adapter_vn36XpX7.mjs:988:10)
    at async RenderContext.render (file:///root/Chainflow-Trading/dist/server/chunks/_@astrojs-ssr-adapter_vn36XpX7.mjs:2253:22)
    at async NodeApp.render (file:///root/Chainflow-Trading/dist/server/chunks/_@astrojs-ssr-adapter_vn36XpX7.mjs:2970:18)
2025-11-03T00:28:40: 00:28:40 [ERROR] TypeError: Cannot read properties of undefined (reading 'name')
    at file:///root/Chainflow-Trading/dist/server/pages/author/_author_.astro.mjs:21:24
    at [author] (file:///root/Chainflow-Trading/dist/server/chunks/astro/server_CxznqVg0.mjs:389:12)
    at callComponentAsTemplateResultOrResponse (file:///root/Chainflow-Trading/dist/server/chunks/astro/server_CxznqVg0.mjs:1587:31)
    at renderToAsyncIterable (file:///root/Chainflow-Trading/dist/server/chunks/astro/server_CxznqVg0.mjs:1629:32)
    at renderPage (file:///root/Chainflow-Trading/dist/server/chunks/astro/server_CxznqVg0.mjs:2493:30)
    at lastNext (file:///root/Chainflow-Trading/dist/server/chunks/_@astrojs-ssr-adapter_vn36XpX7.mjs:2219:31)
    at async file:///root/Chainflow-Trading/dist/server/chunks/_@astrojs-ssr-adapter_vn36XpX7.mjs:252:22
    at async callMiddleware (file:///root/Chainflow-Trading/dist/server/chunks/_@astrojs-ssr-adapter_vn36XpX7.mjs:988:10)
    at async RenderContext.render (file:///root/Chainflow-Trading/dist/server/chunks/_@astrojs-ssr-adapter_vn36XpX7.mjs:2253:22)
    at async NodeApp.render (file:///root/Chainflow-Trading/dist/server/chunks/_@astrojs-ssr-adapter_vn36XpX7.mjs:2970:18)
2025-11-03T00:30:48: There was an uncaught error in the middle of the stream while rendering /tags/Transparency. TypeError: Cannot read properties of undefined (reading 'map')
    at file:///root/Chainflow-Trading/dist/server/chunks/Tag_NqRzAL3y.mjs:11:376
    at AstroComponentInstance.Tag [as factory] (file:///root/Chainflow-Trading/dist/server/chunks/astro/server_CxznqVg0.mjs:389:12)
    at AstroComponentInstance.init (file:///root/Chainflow-Trading/dist/server/chunks/astro/server_CxznqVg0.mjs:1456:29)
    at AstroComponentInstance.render (file:///root/Chainflow-Trading/dist/server/chunks/astro/server_CxznqVg0.mjs:1466:30)
    at Object.render (file:///root/Chainflow-Trading/dist/server/chunks/astro/server_CxznqVg0.mjs:2227:23)
    at renderChild (file:///root/Chainflow-Trading/dist/server/chunks/astro/server_CxznqVg0.mjs:1364:18)
    at file:///root/Chainflow-Trading/dist/server/chunks/astro/server_CxznqVg0.mjs:1153:18
    at new BufferedRenderer (file:///root/Chainflow-Trading/dist/server/chunks/astro/server_CxznqVg0.mjs:1048:26)
    at createBufferedRenderer (file:///root/Chainflow-Trading/dist/server/chunks/astro/server_CxznqVg0.mjs:1072:10)
    at file:///root/Chainflow-Trading/dist/server/chunks/astro/server_CxznqVg0.mjs:1151:14
2025-11-03T00:33:47: There was an uncaught error in the middle of the stream while rendering /tags/Stop%20Loss. TypeError: Cannot read properties of undefined (reading 'map')
    at file:///root/Chainflow-Trading/dist/server/chunks/Tag_NqRzAL3y.mjs:11:376
    at AstroComponentInstance.Tag [as factory] (file:///root/Chainflow-Trading/dist/server/chunks/astro/server_CxznqVg0.mjs:389:12)
    at AstroComponentInstance.init (file:///root/Chainflow-Trading/dist/server/chunks/astro/server_CxznqVg0.mjs:1456:29)
    at AstroComponentInstance.render (file:///root/Chainflow-Trading/dist/server/chunks/astro/server_CxznqVg0.mjs:1466:30)
    at Object.render (file:///root/Chainflow-Trading/dist/server/chunks/astro/server_CxznqVg0.mjs:2227:23)
    at renderChild (file:///root/Chainflow-Trading/dist/server/chunks/astro/server_CxznqVg0.mjs:1364:18)
    at file:///root/Chainflow-Trading/dist/server/chunks/astro/server_CxznqVg0.mjs:1153:18
    at new BufferedRenderer (file:///root/Chainflow-Trading/dist/server/chunks/astro/server_CxznqVg0.mjs:1048:26)
    at createBufferedRenderer (file:///root/Chainflow-Trading/dist/server/chunks/astro/server_CxznqVg0.mjs:1072:10)
    at file:///root/Chainflow-Trading/dist/server/chunks/astro/server_CxznqVg0.mjs:1151:14
2025-11-03T00:35:41: There was an uncaught error in the middle of the stream while rendering /tags/Prop%20Trading. TypeError: Cannot read properties of undefined (reading 'map')
    at file:///root/Chainflow-Trading/dist/server/chunks/Tag_NqRzAL3y.mjs:11:376
    at AstroComponentInstance.Tag [as factory] (file:///root/Chainflow-Trading/dist/server/chunks/astro/server_CxznqVg0.mjs:389:12)
    at AstroComponentInstance.init (file:///root/Chainflow-Trading/dist/server/chunks/astro/server_CxznqVg0.mjs:1456:29)
    at AstroComponentInstance.render (file:///root/Chainflow-Trading/dist/server/chunks/astro/server_CxznqVg0.mjs:1466:30)
    at Object.render (file:///root/Chainflow-Trading/dist/server/chunks/astro/server_CxznqVg0.mjs:2227:23)
    at renderChild (file:///root/Chainflow-Trading/dist/server/chunks/astro/server_CxznqVg0.mjs:1364:18)
    at file:///root/Chainflow-Trading/dist/server/chunks/astro/server_CxznqVg0.mjs:1153:18
    at new BufferedRenderer (file:///root/Chainflow-Trading/dist/server/chunks/astro/server_CxznqVg0.mjs:1048:26)
    at createBufferedRenderer (file:///root/Chainflow-Trading/dist/server/chunks/astro/server_CxznqVg0.mjs:1072:10)
    at file:///root/Chainflow-Trading/dist/server/chunks/astro/server_CxznqVg0.mjs:1151:14
2025-11-03T00:45:16: There was an uncaught error in the middle of the stream while rendering /tags/Discipline. TypeError: Cannot read properties of undefined (reading 'map')
    at file:///root/Chainflow-Trading/dist/server/chunks/Tag_NqRzAL3y.mjs:11:376
    at AstroComponentInstance.Tag [as factory] (file:///root/Chainflow-Trading/dist/server/chunks/astro/server_CxznqVg0.mjs:389:12)
    at AstroComponentInstance.init (file:///root/Chainflow-Trading/dist/server/chunks/astro/server_CxznqVg0.mjs:1456:29)
    at AstroComponentInstance.render (file:///root/Chainflow-Trading/dist/server/chunks/astro/server_CxznqVg0.mjs:1466:30)
    at Object.render (file:///root/Chainflow-Trading/dist/server/chunks/astro/server_CxznqVg0.mjs:2227:23)
    at renderChild (file:///root/Chainflow-Trading/dist/server/chunks/astro/server_CxznqVg0.mjs:1364:18)
    at file:///root/Chainflow-Trading/dist/server/chunks/astro/server_CxznqVg0.mjs:1153:18
    at new BufferedRenderer (file:///root/Chainflow-Trading/dist/server/chunks/astro/server_CxznqVg0.mjs:1048:26)
    at createBufferedRenderer (file:///root/Chainflow-Trading/dist/server/chunks/astro/server_CxznqVg0.mjs:1072:10)
    at file:///root/Chainflow-Trading/dist/server/chunks/astro/server_CxznqVg0.mjs:1151:14
2025-11-03T00:46:57: There was an uncaught error in the middle of the stream while rendering /tags/Trading%20Success. TypeError: Cannot read properties of undefined (reading 'map')
    at file:///root/Chainflow-Trading/dist/server/chunks/Tag_NqRzAL3y.mjs:11:376
    at AstroComponentInstance.Tag [as factory] (file:///root/Chainflow-Trading/dist/server/chunks/astro/server_CxznqVg0.mjs:389:12)
    at AstroComponentInstance.init (file:///root/Chainflow-Trading/dist/server/chunks/astro/server_CxznqVg0.mjs:1456:29)
    at AstroComponentInstance.render (file:///root/Chainflow-Trading/dist/server/chunks/astro/server_CxznqVg0.mjs:1466:30)
    at Object.render (file:///root/Chainflow-Trading/dist/server/chunks/astro/server_CxznqVg0.mjs:2227:23)
    at renderChild (file:///root/Chainflow-Trading/dist/server/chunks/astro/server_CxznqVg0.mjs:1364:18)
    at file:///root/Chainflow-Trading/dist/server/chunks/astro/server_CxznqVg0.mjs:1153:18
    at new BufferedRenderer (file:///root/Chainflow-Trading/dist/server/chunks/astro/server_CxznqVg0.mjs:1048:26)
    at createBufferedRenderer (file:///root/Chainflow-Trading/dist/server/chunks/astro/server_CxznqVg0.mjs:1072:10)
    at file:///root/Chainflow-Trading/dist/server/chunks/astro/server_CxznqVg0.mjs:1151:14
2025-11-03T00:49:05: There was an uncaught error in the middle of the stream while rendering /tags/Trading%20Strategy. TypeError: Cannot read properties of undefined (reading 'map')
    at file:///root/Chainflow-Trading/dist/server/chunks/Tag_NqRzAL3y.mjs:11:376
    at AstroComponentInstance.Tag [as factory] (file:///root/Chainflow-Trading/dist/server/chunks/astro/server_CxznqVg0.mjs:389:12)
    at AstroComponentInstance.init (file:///root/Chainflow-Trading/dist/server/chunks/astro/server_CxznqVg0.mjs:1456:29)
    at AstroComponentInstance.render (file:///root/Chainflow-Trading/dist/server/chunks/astro/server_CxznqVg0.mjs:1466:30)
    at Object.render (file:///root/Chainflow-Trading/dist/server/chunks/astro/server_CxznqVg0.mjs:2227:23)
    at renderChild (file:///root/Chainflow-Trading/dist/server/chunks/astro/server_CxznqVg0.mjs:1364:18)
    at file:///root/Chainflow-Trading/dist/server/chunks/astro/server_CxznqVg0.mjs:1153:18
    at new BufferedRenderer (file:///root/Chainflow-Trading/dist/server/chunks/astro/server_CxznqVg0.mjs:1048:26)
    at createBufferedRenderer (file:///root/Chainflow-Trading/dist/server/chunks/astro/server_CxznqVg0.mjs:1072:10)
    at file:///root/Chainflow-Trading/dist/server/chunks/astro/server_CxznqVg0.mjs:1151:14
2025-11-03T00:51:06: There was an uncaught error in the middle of the stream while rendering /tags/Blockchain. TypeError: Cannot read properties of undefined (reading 'map')
    at file:///root/Chainflow-Trading/dist/server/chunks/Tag_NqRzAL3y.mjs:11:376
    at AstroComponentInstance.Tag [as factory] (file:///root/Chainflow-Trading/dist/server/chunks/astro/server_CxznqVg0.mjs:389:12)
    at AstroComponentInstance.init (file:///root/Chainflow-Trading/dist/server/chunks/astro/server_CxznqVg0.mjs:1456:29)
    at AstroComponentInstance.render (file:///root/Chainflow-Trading/dist/server/chunks/astro/server_CxznqVg0.mjs:1466:30)
    at Object.render (file:///root/Chainflow-Trading/dist/server/chunks/astro/server_CxznqVg0.mjs:2227:23)
    at renderChild (file:///root/Chainflow-Trading/dist/server/chunks/astro/server_CxznqVg0.mjs:1364:18)
    at file:///root/Chainflow-Trading/dist/server/chunks/astro/server_CxznqVg0.mjs:1153:18
    at new BufferedRenderer (file:///root/Chainflow-Trading/dist/server/chunks/astro/server_CxznqVg0.mjs:1048:26)
    at createBufferedRenderer (file:///root/Chainflow-Trading/dist/server/chunks/astro/server_CxznqVg0.mjs:1072:10)
    at file:///root/Chainflow-Trading/dist/server/chunks/astro/server_CxznqVg0.mjs:1151:14
2025-11-03T00:53:15: There was an uncaught error in the middle of the stream while rendering /tags/Trading%20Strategies. TypeError: Cannot read properties of undefined (reading 'map')
    at file:///root/Chainflow-Trading/dist/server/chunks/Tag_NqRzAL3y.mjs:11:376
    at AstroComponentInstance.Tag [as factory] (file:///root/Chainflow-Trading/dist/server/chunks/astro/server_CxznqVg0.mjs:389:12)
    at AstroComponentInstance.init (file:///root/Chainflow-Trading/dist/server/chunks/astro/server_CxznqVg0.mjs:1456:29)
    at AstroComponentInstance.render (file:///root/Chainflow-Trading/dist/server/chunks/astro/server_CxznqVg0.mjs:1466:30)
    at Object.render (file:///root/Chainflow-Trading/dist/server/chunks/astro/server_CxznqVg0.mjs:2227:23)
    at renderChild (file:///root/Chainflow-Trading/dist/server/chunks/astro/server_CxznqVg0.mjs:1364:18)
    at file:///root/Chainflow-Trading/dist/server/chunks/astro/server_CxznqVg0.mjs:1153:18
    at new BufferedRenderer (file:///root/Chainflow-Trading/dist/server/chunks/astro/server_CxznqVg0.mjs:1048:26)
    at createBufferedRenderer (file:///root/Chainflow-Trading/dist/server/chunks/astro/server_CxznqVg0.mjs:1072:10)
    at file:///root/Chainflow-Trading/dist/server/chunks/astro/server_CxznqVg0.mjs:1151:14
2025-11-03T00:55:26: There was an uncaught error in the middle of the stream while rendering /tags/Trading%20Psychology. TypeError: Cannot read properties of undefined (reading 'map')
    at file:///root/Chainflow-Trading/dist/server/chunks/Tag_NqRzAL3y.mjs:11:376
    at AstroComponentInstance.Tag [as factory] (file:///root/Chainflow-Trading/dist/server/chunks/astro/server_CxznqVg0.mjs:389:12)
    at AstroComponentInstance.init (file:///root/Chainflow-Trading/dist/server/chunks/astro/server_CxznqVg0.mjs:1456:29)
    at AstroComponentInstance.render (file:///root/Chainflow-Trading/dist/server/chunks/astro/server_CxznqVg0.mjs:1466:30)
    at Object.render (file:///root/Chainflow-Trading/dist/server/chunks/astro/server_CxznqVg0.mjs:2227:23)
    at renderChild (file:///root/Chainflow-Trading/dist/server/chunks/astro/server_CxznqVg0.mjs:1364:18)
    at file:///root/Chainflow-Trading/dist/server/chunks/astro/server_CxznqVg0.mjs:1153:18
    at new BufferedRenderer (file:///root/Chainflow-Trading/dist/server/chunks/astro/server_CxznqVg0.mjs:1048:26)
    at createBufferedRenderer (file:///root/Chainflow-Trading/dist/server/chunks/astro/server_CxznqVg0.mjs:1072:10)
    at file:///root/Chainflow-Trading/dist/server/chunks/astro/server_CxznqVg0.mjs:1151:14
2025-11-03T03:35:33: There was an uncaught error in the middle of the stream while rendering /tags/Web3. TypeError: Cannot read properties of undefined (reading 'map')
    at file:///root/Chainflow-Trading/dist/server/chunks/Tag_NqRzAL3y.mjs:11:376
    at AstroComponentInstance.Tag [as factory] (file:///root/Chainflow-Trading/dist/server/chunks/astro/server_CxznqVg0.mjs:389:12)
    at AstroComponentInstance.init (file:///root/Chainflow-Trading/dist/server/chunks/astro/server_CxznqVg0.mjs:1456:29)
    at AstroComponentInstance.render (file:///root/Chainflow-Trading/dist/server/chunks/astro/server_CxznqVg0.mjs:1466:30)
    at Object.render (file:///root/Chainflow-Trading/dist/server/chunks/astro/server_CxznqVg0.mjs:2227:23)
    at renderChild (file:///root/Chainflow-Trading/dist/server/chunks/astro/server_CxznqVg0.mjs:1364:18)
    at file:///root/Chainflow-Trading/dist/server/chunks/astro/server_CxznqVg0.mjs:1153:18
    at new BufferedRenderer (file:///root/Chainflow-Trading/dist/server/chunks/astro/server_CxznqVg0.mjs:1048:26)
    at createBufferedRenderer (file:///root/Chainflow-Trading/dist/server/chunks/astro/server_CxznqVg0.mjs:1072:10)
    at file:///root/Chainflow-Trading/dist/server/chunks/astro/server_CxznqVg0.mjs:1151:14
2025-11-03T03:37:49: 03:37:49 [ERROR] TypeError: Cannot read properties of undefined (reading 'name')
    at file:///root/Chainflow-Trading/dist/server/pages/author/_author_.astro.mjs:21:24
    at [author] (file:///root/Chainflow-Trading/dist/server/chunks/astro/server_CxznqVg0.mjs:389:12)
    at callComponentAsTemplateResultOrResponse (file:///root/Chainflow-Trading/dist/server/chunks/astro/server_CxznqVg0.mjs:1587:31)
    at renderToAsyncIterable (file:///root/Chainflow-Trading/dist/server/chunks/astro/server_CxznqVg0.mjs:1629:32)
    at renderPage (file:///root/Chainflow-Trading/dist/server/chunks/astro/server_CxznqVg0.mjs:2493:30)
    at lastNext (file:///root/Chainflow-Trading/dist/server/chunks/_@astrojs-ssr-adapter_vn36XpX7.mjs:2219:31)
    at async file:///root/Chainflow-Trading/dist/server/chunks/_@astrojs-ssr-adapter_vn36XpX7.mjs:252:22
    at async callMiddleware (file:///root/Chainflow-Trading/dist/server/chunks/_@astrojs-ssr-adapter_vn36XpX7.mjs:988:10)
    at async RenderContext.render (file:///root/Chainflow-Trading/dist/server/chunks/_@astrojs-ssr-adapter_vn36XpX7.mjs:2253:22)
    at async NodeApp.render (file:///root/Chainflow-Trading/dist/server/chunks/_@astrojs-ssr-adapter_vn36XpX7.mjs:2970:18)
2025-11-03T03:37:54: 03:37:54 [ERROR] TypeError: Cannot read properties of undefined (reading 'name')
    at file:///root/Chainflow-Trading/dist/server/pages/author/_author_.astro.mjs:21:24
    at [author] (file:///root/Chainflow-Trading/dist/server/chunks/astro/server_CxznqVg0.mjs:389:12)
    at callComponentAsTemplateResultOrResponse (file:///root/Chainflow-Trading/dist/server/chunks/astro/server_CxznqVg0.mjs:1587:31)
    at renderToAsyncIterable (file:///root/Chainflow-Trading/dist/server/chunks/astro/server_CxznqVg0.mjs:1629:32)
    at renderPage (file:///root/Chainflow-Trading/dist/server/chunks/astro/server_CxznqVg0.mjs:2493:30)
    at lastNext (file:///root/Chainflow-Trading/dist/server/chunks/_@astrojs-ssr-adapter_vn36XpX7.mjs:2219:31)
    at async file:///root/Chainflow-Trading/dist/server/chunks/_@astrojs-ssr-adapter_vn36XpX7.mjs:252:22
    at async callMiddleware (file:///root/Chainflow-Trading/dist/server/chunks/_@astrojs-ssr-adapter_vn36XpX7.mjs:988:10)
    at async RenderContext.render (file:///root/Chainflow-Trading/dist/server/chunks/_@astrojs-ssr-adapter_vn36XpX7.mjs:2253:22)
    at async NodeApp.render (file:///root/Chainflow-Trading/dist/server/chunks/_@astrojs-ssr-adapter_vn36XpX7.mjs:2970:18)
2025-11-03T03:39:31: There was an uncaught error in the middle of the stream while rendering /tags/Stop%20Loss. TypeError: Cannot read properties of undefined (reading 'map')
    at file:///root/Chainflow-Trading/dist/server/chunks/Tag_NqRzAL3y.mjs:11:376
    at AstroComponentInstance.Tag [as factory] (file:///root/Chainflow-Trading/dist/server/chunks/astro/server_CxznqVg0.mjs:389:12)
    at AstroComponentInstance.init (file:///root/Chainflow-Trading/dist/server/chunks/astro/server_CxznqVg0.mjs:1456:29)
    at AstroComponentInstance.render (file:///root/Chainflow-Trading/dist/server/chunks/astro/server_CxznqVg0.mjs:1466:30)
    at Object.render (file:///root/Chainflow-Trading/dist/server/chunks/astro/server_CxznqVg0.mjs:2227:23)
    at renderChild (file:///root/Chainflow-Trading/dist/server/chunks/astro/server_CxznqVg0.mjs:1364:18)
    at file:///root/Chainflow-Trading/dist/server/chunks/astro/server_CxznqVg0.mjs:1153:18
    at new BufferedRenderer (file:///root/Chainflow-Trading/dist/server/chunks/astro/server_CxznqVg0.mjs:1048:26)
    at createBufferedRenderer (file:///root/Chainflow-Trading/dist/server/chunks/astro/server_CxznqVg0.mjs:1072:10)
    at file:///root/Chainflow-Trading/dist/server/chunks/astro/server_CxznqVg0.mjs:1151:14
2025-11-03T03:41:36: There was an uncaught error in the middle of the stream while rendering /tags/Transparency. TypeError: Cannot read properties of undefined (reading 'map')
    at file:///root/Chainflow-Trading/dist/server/chunks/Tag_NqRzAL3y.mjs:11:376
    at AstroComponentInstance.Tag [as factory] (file:///root/Chainflow-Trading/dist/server/chunks/astro/server_CxznqVg0.mjs:389:12)
    at AstroComponentInstance.init (file:///root/Chainflow-Trading/dist/server/chunks/astro/server_CxznqVg0.mjs:1456:29)
    at AstroComponentInstance.render (file:///root/Chainflow-Trading/dist/server/chunks/astro/server_CxznqVg0.mjs:1466:30)
    at Object.render (file:///root/Chainflow-Trading/dist/server/chunks/astro/server_CxznqVg0.mjs:2227:23)
    at renderChild (file:///root/Chainflow-Trading/dist/server/chunks/astro/server_CxznqVg0.mjs:1364:18)
    at file:///root/Chainflow-Trading/dist/server/chunks/astro/server_CxznqVg0.mjs:1153:18
    at new BufferedRenderer (file:///root/Chainflow-Trading/dist/server/chunks/astro/server_CxznqVg0.mjs:1048:26)
    at createBufferedRenderer (file:///root/Chainflow-Trading/dist/server/chunks/astro/server_CxznqVg0.mjs:1072:10)
    at file:///root/Chainflow-Trading/dist/server/chunks/astro/server_CxznqVg0.mjs:1151:14
2025-11-03T03:43:41: There was an uncaught error in the middle of the stream while rendering /tags/Blockchain. TypeError: Cannot read properties of undefined (reading 'map')
    at file:///root/Chainflow-Trading/dist/server/chunks/Tag_NqRzAL3y.mjs:11:376
    at AstroComponentInstance.Tag [as factory] (file:///root/Chainflow-Trading/dist/server/chunks/astro/server_CxznqVg0.mjs:389:12)
    at AstroComponentInstance.init (file:///root/Chainflow-Trading/dist/server/chunks/astro/server_CxznqVg0.mjs:1456:29)
    at AstroComponentInstance.render (file:///root/Chainflow-Trading/dist/server/chunks/astro/server_CxznqVg0.mjs:1466:30)
    at Object.render (file:///root/Chainflow-Trading/dist/server/chunks/astro/server_CxznqVg0.mjs:2227:23)
    at renderChild (file:///root/Chainflow-Trading/dist/server/chunks/astro/server_CxznqVg0.mjs:1364:18)
    at file:///root/Chainflow-Trading/dist/server/chunks/astro/server_CxznqVg0.mjs:1153:18
    at new BufferedRenderer (file:///root/Chainflow-Trading/dist/server/chunks/astro/server_CxznqVg0.mjs:1048:26)
    at createBufferedRenderer (file:///root/Chainflow-Trading/dist/server/chunks/astro/server_CxznqVg0.mjs:1072:10)
    at file:///root/Chainflow-Trading/dist/server/chunks/astro/server_CxznqVg0.mjs:1151:14
2025-11-03T03:45:41: There was an uncaught error in the middle of the stream while rendering /tags/Portfolio%20Management. TypeError: Cannot read properties of undefined (reading 'map')
    at file:///root/Chainflow-Trading/dist/server/chunks/Tag_NqRzAL3y.mjs:11:376
    at AstroComponentInstance.Tag [as factory] (file:///root/Chainflow-Trading/dist/server/chunks/astro/server_CxznqVg0.mjs:389:12)
    at AstroComponentInstance.init (file:///root/Chainflow-Trading/dist/server/chunks/astro/server_CxznqVg0.mjs:1456:29)
    at AstroComponentInstance.render (file:///root/Chainflow-Trading/dist/server/chunks/astro/server_CxznqVg0.mjs:1466:30)
    at Object.render (file:///root/Chainflow-Trading/dist/server/chunks/astro/server_CxznqVg0.mjs:2227:23)
    at renderChild (file:///root/Chainflow-Trading/dist/server/chunks/astro/server_CxznqVg0.mjs:1364:18)
    at file:///root/Chainflow-Trading/dist/server/chunks/astro/server_CxznqVg0.mjs:1153:18
    at new BufferedRenderer (file:///root/Chainflow-Trading/dist/server/chunks/astro/server_CxznqVg0.mjs:1048:26)
    at createBufferedRenderer (file:///root/Chainflow-Trading/dist/server/chunks/astro/server_CxznqVg0.mjs:1072:10)
    at file:///root/Chainflow-Trading/dist/server/chunks/astro/server_CxznqVg0.mjs:1151:14
2025-11-03T03:47:42: There was an uncaught error in the middle of the stream while rendering /tags/Trading%20Success. TypeError: Cannot read properties of undefined (reading 'map')
    at file:///root/Chainflow-Trading/dist/server/chunks/Tag_NqRzAL3y.mjs:11:376
    at AstroComponentInstance.Tag [as factory] (file:///root/Chainflow-Trading/dist/server/chunks/astro/server_CxznqVg0.mjs:389:12)
    at AstroComponentInstance.init (file:///root/Chainflow-Trading/dist/server/chunks/astro/server_CxznqVg0.mjs:1456:29)
    at AstroComponentInstance.render (file:///root/Chainflow-Trading/dist/server/chunks/astro/server_CxznqVg0.mjs:1466:30)
    at Object.render (file:///root/Chainflow-Trading/dist/server/chunks/astro/server_CxznqVg0.mjs:2227:23)
    at renderChild (file:///root/Chainflow-Trading/dist/server/chunks/astro/server_CxznqVg0.mjs:1364:18)
    at file:///root/Chainflow-Trading/dist/server/chunks/astro/server_CxznqVg0.mjs:1153:18
    at new BufferedRenderer (file:///root/Chainflow-Trading/dist/server/chunks/astro/server_CxznqVg0.mjs:1048:26)
    at createBufferedRenderer (file:///root/Chainflow-Trading/dist/server/chunks/astro/server_CxznqVg0.mjs:1072:10)
    at file:///root/Chainflow-Trading/dist/server/chunks/astro/server_CxznqVg0.mjs:1151:14
2025-11-03T03:50:58: There was an uncaught error in the middle of the stream while rendering /tags/Prop%20Trading. TypeError: Cannot read properties of undefined (reading 'map')
    at file:///root/Chainflow-Trading/dist/server/chunks/Tag_NqRzAL3y.mjs:11:376
    at AstroComponentInstance.Tag [as factory] (file:///root/Chainflow-Trading/dist/server/chunks/astro/server_CxznqVg0.mjs:389:12)
    at AstroComponentInstance.init (file:///root/Chainflow-Trading/dist/server/chunks/astro/server_CxznqVg0.mjs:1456:29)
    at AstroComponentInstance.render (file:///root/Chainflow-Trading/dist/server/chunks/astro/server_CxznqVg0.mjs:1466:30)
    at Object.render (file:///root/Chainflow-Trading/dist/server/chunks/astro/server_CxznqVg0.mjs:2227:23)
    at renderChild (file:///root/Chainflow-Trading/dist/server/chunks/astro/server_CxznqVg0.mjs:1364:18)
    at file:///root/Chainflow-Trading/dist/server/chunks/astro/server_CxznqVg0.mjs:1153:18
    at new BufferedRenderer (file:///root/Chainflow-Trading/dist/server/chunks/astro/server_CxznqVg0.mjs:1048:26)
    at createBufferedRenderer (file:///root/Chainflow-Trading/dist/server/chunks/astro/server_CxznqVg0.mjs:1072:10)
    at file:///root/Chainflow-Trading/dist/server/chunks/astro/server_CxznqVg0.mjs:1151:14
2025-11-03T03:52:56: There was an uncaught error in the middle of the stream while rendering /tags/Momentum%20Trading. TypeError: Cannot read properties of undefined (reading 'map')
    at file:///root/Chainflow-Trading/dist/server/chunks/Tag_NqRzAL3y.mjs:11:376
    at AstroComponentInstance.Tag [as factory] (file:///root/Chainflow-Trading/dist/server/chunks/astro/server_CxznqVg0.mjs:389:12)
    at AstroComponentInstance.init (file:///root/Chainflow-Trading/dist/server/chunks/astro/server_CxznqVg0.mjs:1456:29)
    at AstroComponentInstance.render (file:///root/Chainflow-Trading/dist/server/chunks/astro/server_CxznqVg0.mjs:1466:30)
    at Object.render (file:///root/Chainflow-Trading/dist/server/chunks/astro/server_CxznqVg0.mjs:2227:23)
    at renderChild (file:///root/Chainflow-Trading/dist/server/chunks/astro/server_CxznqVg0.mjs:1364:18)
    at file:///root/Chainflow-Trading/dist/server/chunks/astro/server_CxznqVg0.mjs:1153:18
    at new BufferedRenderer (file:///root/Chainflow-Trading/dist/server/chunks/astro/server_CxznqVg0.mjs:1048:26)
    at createBufferedRenderer (file:///root/Chainflow-Trading/dist/server/chunks/astro/server_CxznqVg0.mjs:1072:10)
    at file:///root/Chainflow-Trading/dist/server/chunks/astro/server_CxznqVg0.mjs:1151:14
2025-11-03T17:30:20: There was an uncaught error in the middle of the stream while rendering /tags/Risk%20Management. TypeError: Cannot read properties of undefined (reading 'map')
    at file:///root/Chainflow-Trading/dist/server/chunks/Tag_NqRzAL3y.mjs:11:376
    at AstroComponentInstance.Tag [as factory] (file:///root/Chainflow-Trading/dist/server/chunks/astro/server_CxznqVg0.mjs:389:12)
    at AstroComponentInstance.init (file:///root/Chainflow-Trading/dist/server/chunks/astro/server_CxznqVg0.mjs:1456:29)
    at AstroComponentInstance.render (file:///root/Chainflow-Trading/dist/server/chunks/astro/server_CxznqVg0.mjs:1466:30)
    at Object.render (file:///root/Chainflow-Trading/dist/server/chunks/astro/server_CxznqVg0.mjs:2227:23)
    at renderChild (file:///root/Chainflow-Trading/dist/server/chunks/astro/server_CxznqVg0.mjs:1364:18)
    at file:///root/Chainflow-Trading/dist/server/chunks/astro/server_CxznqVg0.mjs:1153:18
    at new BufferedRenderer (file:///root/Chainflow-Trading/dist/server/chunks/astro/server_CxznqVg0.mjs:1048:26)
    at createBufferedRenderer (file:///root/Chainflow-Trading/dist/server/chunks/astro/server_CxznqVg0.mjs:1072:10)
    at file:///root/Chainflow-Trading/dist/server/chunks/astro/server_CxznqVg0.mjs:1151:14
2025-11-03T22:33:04: There was an uncaught error in the middle of the stream while rendering /tags/Trading%20Success. TypeError: Cannot read properties of undefined (reading 'map')
    at file:///root/Chainflow-Trading/dist/server/chunks/Tag_NqRzAL3y.mjs:11:376
    at AstroComponentInstance.Tag [as factory] (file:///root/Chainflow-Trading/dist/server/chunks/astro/server_CxznqVg0.mjs:389:12)
    at AstroComponentInstance.init (file:///root/Chainflow-Trading/dist/server/chunks/astro/server_CxznqVg0.mjs:1456:29)
    at AstroComponentInstance.render (file:///root/Chainflow-Trading/dist/server/chunks/astro/server_CxznqVg0.mjs:1466:30)
    at Object.render (file:///root/Chainflow-Trading/dist/server/chunks/astro/server_CxznqVg0.mjs:2227:23)
    at renderChild (file:///root/Chainflow-Trading/dist/server/chunks/astro/server_CxznqVg0.mjs:1364:18)
    at file:///root/Chainflow-Trading/dist/server/chunks/astro/server_CxznqVg0.mjs:1153:18
    at new BufferedRenderer (file:///root/Chainflow-Trading/dist/server/chunks/astro/server_CxznqVg0.mjs:1048:26)
    at createBufferedRenderer (file:///root/Chainflow-Trading/dist/server/chunks/astro/server_CxznqVg0.mjs:1072:10)
    at file:///root/Chainflow-Trading/dist/server/chunks/astro/server_CxznqVg0.mjs:1151:14
2025-11-04T03:06:18: There was an uncaught error in the middle of the stream while rendering /tags/Mental%20Edge. TypeError: Cannot read properties of undefined (reading 'map')
    at file:///root/Chainflow-Trading/dist/server/chunks/Tag_NqRzAL3y.mjs:11:376
    at AstroComponentInstance.Tag [as factory] (file:///root/Chainflow-Trading/dist/server/chunks/astro/server_CxznqVg0.mjs:389:12)
    at AstroComponentInstance.init (file:///root/Chainflow-Trading/dist/server/chunks/astro/server_CxznqVg0.mjs:1456:29)
    at AstroComponentInstance.render (file:///root/Chainflow-Trading/dist/server/chunks/astro/server_CxznqVg0.mjs:1466:30)
    at Object.render (file:///root/Chainflow-Trading/dist/server/chunks/astro/server_CxznqVg0.mjs:2227:23)
    at renderChild (file:///root/Chainflow-Trading/dist/server/chunks/astro/server_CxznqVg0.mjs:1364:18)
    at file:///root/Chainflow-Trading/dist/server/chunks/astro/server_CxznqVg0.mjs:1153:18
    at new BufferedRenderer (file:///root/Chainflow-Trading/dist/server/chunks/astro/server_CxznqVg0.mjs:1048:26)
    at createBufferedRenderer (file:///root/Chainflow-Trading/dist/server/chunks/astro/server_CxznqVg0.mjs:1072:10)
    at file:///root/Chainflow-Trading/dist/server/chunks/astro/server_CxznqVg0.mjs:1151:14
2025-11-04T03:06:21: There was an uncaught error in the middle of the stream while rendering /tags/Portfolio%20Management. TypeError: Cannot read properties of undefined (reading 'map')
    at file:///root/Chainflow-Trading/dist/server/chunks/Tag_NqRzAL3y.mjs:11:376
    at AstroComponentInstance.Tag [as factory] (file:///root/Chainflow-Trading/dist/server/chunks/astro/server_CxznqVg0.mjs:389:12)
    at AstroComponentInstance.init (file:///root/Chainflow-Trading/dist/server/chunks/astro/server_CxznqVg0.mjs:1456:29)
    at AstroComponentInstance.render (file:///root/Chainflow-Trading/dist/server/chunks/astro/server_CxznqVg0.mjs:1466:30)
    at Object.render (file:///root/Chainflow-Trading/dist/server/chunks/astro/server_CxznqVg0.mjs:2227:23)
    at renderChild (file:///root/Chainflow-Trading/dist/server/chunks/astro/server_CxznqVg0.mjs:1364:18)
    at file:///root/Chainflow-Trading/dist/server/chunks/astro/server_CxznqVg0.mjs:1153:18
    at new BufferedRenderer (file:///root/Chainflow-Trading/dist/server/chunks/astro/server_CxznqVg0.mjs:1048:26)
    at createBufferedRenderer (file:///root/Chainflow-Trading/dist/server/chunks/astro/server_CxznqVg0.mjs:1072:10)
    at file:///root/Chainflow-Trading/dist/server/chunks/astro/server_CxznqVg0.mjs:1151:14
2025-11-04T03:06:24: There was an uncaught error in the middle of the stream while rendering /tags/Prop%20Trading. TypeError: Cannot read properties of undefined (reading 'map')
    at file:///root/Chainflow-Trading/dist/server/chunks/Tag_NqRzAL3y.mjs:11:376
    at AstroComponentInstance.Tag [as factory] (file:///root/Chainflow-Trading/dist/server/chunks/astro/server_CxznqVg0.mjs:389:12)
    at AstroComponentInstance.init (file:///root/Chainflow-Trading/dist/server/chunks/astro/server_CxznqVg0.mjs:1456:29)
    at AstroComponentInstance.render (file:///root/Chainflow-Trading/dist/server/chunks/astro/server_CxznqVg0.mjs:1466:30)
    at Object.render (file:///root/Chainflow-Trading/dist/server/chunks/astro/server_CxznqVg0.mjs:2227:23)
    at renderChild (file:///root/Chainflow-Trading/dist/server/chunks/astro/server_CxznqVg0.mjs:1364:18)
    at file:///root/Chainflow-Trading/dist/server/chunks/astro/server_CxznqVg0.mjs:1153:18
    at new BufferedRenderer (file:///root/Chainflow-Trading/dist/server/chunks/astro/server_CxznqVg0.mjs:1048:26)
    at createBufferedRenderer (file:///root/Chainflow-Trading/dist/server/chunks/astro/server_CxznqVg0.mjs:1072:10)
    at file:///root/Chainflow-Trading/dist/server/chunks/astro/server_CxznqVg0.mjs:1151:14
2025-11-04T03:06:28: There was an uncaught error in the middle of the stream while rendering /tags/Stop%20Loss. TypeError: Cannot read properties of undefined (reading 'map')
    at file:///root/Chainflow-Trading/dist/server/chunks/Tag_NqRzAL3y.mjs:11:376
    at AstroComponentInstance.Tag [as factory] (file:///root/Chainflow-Trading/dist/server/chunks/astro/server_CxznqVg0.mjs:389:12)
    at AstroComponentInstance.init (file:///root/Chainflow-Trading/dist/server/chunks/astro/server_CxznqVg0.mjs:1456:29)
    at AstroComponentInstance.render (file:///root/Chainflow-Trading/dist/server/chunks/astro/server_CxznqVg0.mjs:1466:30)
    at Object.render (file:///root/Chainflow-Trading/dist/server/chunks/astro/server_CxznqVg0.mjs:2227:23)
    at renderChild (file:///root/Chainflow-Trading/dist/server/chunks/astro/server_CxznqVg0.mjs:1364:18)
    at file:///root/Chainflow-Trading/dist/server/chunks/astro/server_CxznqVg0.mjs:1153:18
    at new BufferedRenderer (file:///root/Chainflow-Trading/dist/server/chunks/astro/server_CxznqVg0.mjs:1048:26)
    at createBufferedRenderer (file:///root/Chainflow-Trading/dist/server/chunks/astro/server_CxznqVg0.mjs:1072:10)
    at file:///root/Chainflow-Trading/dist/server/chunks/astro/server_CxznqVg0.mjs:1151:14
2025-11-04T03:06:31: There was an uncaught error in the middle of the stream while rendering /tags/Trading%20Psychology. TypeError: Cannot read properties of undefined (reading 'map')
    at file:///root/Chainflow-Trading/dist/server/chunks/Tag_NqRzAL3y.mjs:11:376
    at AstroComponentInstance.Tag [as factory] (file:///root/Chainflow-Trading/dist/server/chunks/astro/server_CxznqVg0.mjs:389:12)
    at AstroComponentInstance.init (file:///root/Chainflow-Trading/dist/server/chunks/astro/server_CxznqVg0.mjs:1456:29)
    at AstroComponentInstance.render (file:///root/Chainflow-Trading/dist/server/chunks/astro/server_CxznqVg0.mjs:1466:30)
    at Object.render (file:///root/Chainflow-Trading/dist/server/chunks/astro/server_CxznqVg0.mjs:2227:23)
    at renderChild (file:///root/Chainflow-Trading/dist/server/chunks/astro/server_CxznqVg0.mjs:1364:18)
    at file:///root/Chainflow-Trading/dist/server/chunks/astro/server_CxznqVg0.mjs:1153:18
    at new BufferedRenderer (file:///root/Chainflow-Trading/dist/server/chunks/astro/server_CxznqVg0.mjs:1048:26)
    at createBufferedRenderer (file:///root/Chainflow-Trading/dist/server/chunks/astro/server_CxznqVg0.mjs:1072:10)
    at file:///root/Chainflow-Trading/dist/server/chunks/astro/server_CxznqVg0.mjs:1151:14
2025-11-04T03:06:34: There was an uncaught error in the middle of the stream while rendering /tags/Trading%20Strategy. TypeError: Cannot read properties of undefined (reading 'map')
    at file:///root/Chainflow-Trading/dist/server/chunks/Tag_NqRzAL3y.mjs:11:376
    at AstroComponentInstance.Tag [as factory] (file:///root/Chainflow-Trading/dist/server/chunks/astro/server_CxznqVg0.mjs:389:12)
    at AstroComponentInstance.init (file:///root/Chainflow-Trading/dist/server/chunks/astro/server_CxznqVg0.mjs:1456:29)
    at AstroComponentInstance.render (file:///root/Chainflow-Trading/dist/server/chunks/astro/server_CxznqVg0.mjs:1466:30)
    at Object.render (file:///root/Chainflow-Trading/dist/server/chunks/astro/server_CxznqVg0.mjs:2227:23)
    at renderChild (file:///root/Chainflow-Trading/dist/server/chunks/astro/server_CxznqVg0.mjs:1364:18)
    at file:///root/Chainflow-Trading/dist/server/chunks/astro/server_CxznqVg0.mjs:1153:18
    at new BufferedRenderer (file:///root/Chainflow-Trading/dist/server/chunks/astro/server_CxznqVg0.mjs:1048:26)
    at createBufferedRenderer (file:///root/Chainflow-Trading/dist/server/chunks/astro/server_CxznqVg0.mjs:1072:10)
    at file:///root/Chainflow-Trading/dist/server/chunks/astro/server_CxznqVg0.mjs:1151:14
2025-11-04T03:06:36: There was an uncaught error in the middle of the stream while rendering /tags/Trading%20Success. TypeError: Cannot read properties of undefined (reading 'map')
    at file:///root/Chainflow-Trading/dist/server/chunks/Tag_NqRzAL3y.mjs:11:376
    at AstroComponentInstance.Tag [as factory] (file:///root/Chainflow-Trading/dist/server/chunks/astro/server_CxznqVg0.mjs:389:12)
    at AstroComponentInstance.init (file:///root/Chainflow-Trading/dist/server/chunks/astro/server_CxznqVg0.mjs:1456:29)
    at AstroComponentInstance.render (file:///root/Chainflow-Trading/dist/server/chunks/astro/server_CxznqVg0.mjs:1466:30)
    at Object.render (file:///root/Chainflow-Trading/dist/server/chunks/astro/server_CxznqVg0.mjs:2227:23)
    at renderChild (file:///root/Chainflow-Trading/dist/server/chunks/astro/server_CxznqVg0.mjs:1364:18)
    at file:///root/Chainflow-Trading/dist/server/chunks/astro/server_CxznqVg0.mjs:1153:18
    at new BufferedRenderer (file:///root/Chainflow-Trading/dist/server/chunks/astro/server_CxznqVg0.mjs:1048:26)
    at createBufferedRenderer (file:///root/Chainflow-Trading/dist/server/chunks/astro/server_CxznqVg0.mjs:1072:10)
    at file:///root/Chainflow-Trading/dist/server/chunks/astro/server_CxznqVg0.mjs:1151:14
2025-11-04T03:59:53: There was an uncaught error in the middle of the stream while rendering /tags/Risk%20Management. TypeError: Cannot read properties of undefined (reading 'map')
    at file:///root/Chainflow-Trading/dist/server/chunks/Tag_NqRzAL3y.mjs:11:376
    at AstroComponentInstance.Tag [as factory] (file:///root/Chainflow-Trading/dist/server/chunks/astro/server_CxznqVg0.mjs:389:12)
    at AstroComponentInstance.init (file:///root/Chainflow-Trading/dist/server/chunks/astro/server_CxznqVg0.mjs:1456:29)
    at AstroComponentInstance.render (file:///root/Chainflow-Trading/dist/server/chunks/astro/server_CxznqVg0.mjs:1466:30)
    at Object.render (file:///root/Chainflow-Trading/dist/server/chunks/astro/server_CxznqVg0.mjs:2227:23)
    at renderChild (file:///root/Chainflow-Trading/dist/server/chunks/astro/server_CxznqVg0.mjs:1364:18)
    at file:///root/Chainflow-Trading/dist/server/chunks/astro/server_CxznqVg0.mjs:1153:18
    at new BufferedRenderer (file:///root/Chainflow-Trading/dist/server/chunks/astro/server_CxznqVg0.mjs:1048:26)
    at createBufferedRenderer (file:///root/Chainflow-Trading/dist/server/chunks/astro/server_CxznqVg0.mjs:1072:10)
    at file:///root/Chainflow-Trading/dist/server/chunks/astro/server_CxznqVg0.mjs:1151:14
2025-11-04T07:08:38: There was an uncaught error in the middle of the stream while rendering /tags/Risk%20Management. TypeError: Cannot read properties of undefined (reading 'map')
    at file:///root/Chainflow-Trading/dist/server/chunks/Tag_NqRzAL3y.mjs:11:376
    at AstroComponentInstance.Tag [as factory] (file:///root/Chainflow-Trading/dist/server/chunks/astro/server_CxznqVg0.mjs:389:12)
    at AstroComponentInstance.init (file:///root/Chainflow-Trading/dist/server/chunks/astro/server_CxznqVg0.mjs:1456:29)
    at AstroComponentInstance.render (file:///root/Chainflow-Trading/dist/server/chunks/astro/server_CxznqVg0.mjs:1466:30)
    at Object.render (file:///root/Chainflow-Trading/dist/server/chunks/astro/server_CxznqVg0.mjs:2227:23)
    at renderChild (file:///root/Chainflow-Trading/dist/server/chunks/astro/server_CxznqVg0.mjs:1364:18)
    at file:///root/Chainflow-Trading/dist/server/chunks/astro/server_CxznqVg0.mjs:1153:18
    at new BufferedRenderer (file:///root/Chainflow-Trading/dist/server/chunks/astro/server_CxznqVg0.mjs:1048:26)
    at createBufferedRenderer (file:///root/Chainflow-Trading/dist/server/chunks/astro/server_CxznqVg0.mjs:1072:10)
    at file:///root/Chainflow-Trading/dist/server/chunks/astro/server_CxznqVg0.mjs:1151:14
2025-11-04T07:31:07: There was an uncaught error in the middle of the stream while rendering /tags/Trading%20Success. TypeError: Cannot read properties of undefined (reading 'map')
    at file:///root/Chainflow-Trading/dist/server/chunks/Tag_NqRzAL3y.mjs:11:376
    at AstroComponentInstance.Tag [as factory] (file:///root/Chainflow-Trading/dist/server/chunks/astro/server_CxznqVg0.mjs:389:12)
    at AstroComponentInstance.init (file:///root/Chainflow-Trading/dist/server/chunks/astro/server_CxznqVg0.mjs:1456:29)
    at AstroComponentInstance.render (file:///root/Chainflow-Trading/dist/server/chunks/astro/server_CxznqVg0.mjs:1466:30)
    at Object.render (file:///root/Chainflow-Trading/dist/server/chunks/astro/server_CxznqVg0.mjs:2227:23)
    at renderChild (file:///root/Chainflow-Trading/dist/server/chunks/astro/server_CxznqVg0.mjs:1364:18)
    at file:///root/Chainflow-Trading/dist/server/chunks/astro/server_CxznqVg0.mjs:1153:18
    at new BufferedRenderer (file:///root/Chainflow-Trading/dist/server/chunks/astro/server_CxznqVg0.mjs:1048:26)
    at createBufferedRenderer (file:///root/Chainflow-Trading/dist/server/chunks/astro/server_CxznqVg0.mjs:1072:10)
    at file:///root/Chainflow-Trading/dist/server/chunks/astro/server_CxznqVg0.mjs:1151:14
2025-11-04T07:52:23: There was an uncaught error in the middle of the stream while rendering /tags/Trading%20Psychology. TypeError: Cannot read properties of undefined (reading 'map')
    at file:///root/Chainflow-Trading/dist/server/chunks/Tag_NqRzAL3y.mjs:11:376
    at AstroComponentInstance.Tag [as factory] (file:///root/Chainflow-Trading/dist/server/chunks/astro/server_CxznqVg0.mjs:389:12)
    at AstroComponentInstance.init (file:///root/Chainflow-Trading/dist/server/chunks/astro/server_CxznqVg0.mjs:1456:29)
    at AstroComponentInstance.render (file:///root/Chainflow-Trading/dist/server/chunks/astro/server_CxznqVg0.mjs:1466:30)
    at Object.render (file:///root/Chainflow-Trading/dist/server/chunks/astro/server_CxznqVg0.mjs:2227:23)
    at renderChild (file:///root/Chainflow-Trading/dist/server/chunks/astro/server_CxznqVg0.mjs:1364:18)
    at file:///root/Chainflow-Trading/dist/server/chunks/astro/server_CxznqVg0.mjs:1153:18
    at new BufferedRenderer (file:///root/Chainflow-Trading/dist/server/chunks/astro/server_CxznqVg0.mjs:1048:26)
    at createBufferedRenderer (file:///root/Chainflow-Trading/dist/server/chunks/astro/server_CxznqVg0.mjs:1072:10)
    at file:///root/Chainflow-Trading/dist/server/chunks/astro/server_CxznqVg0.mjs:1151:14
2025-11-04T08:13:35: There was an uncaught error in the middle of the stream while rendering /tags/Mental%20Edge. TypeError: Cannot read properties of undefined (reading 'map')
    at file:///root/Chainflow-Trading/dist/server/chunks/Tag_NqRzAL3y.mjs:11:376
    at AstroComponentInstance.Tag [as factory] (file:///root/Chainflow-Trading/dist/server/chunks/astro/server_CxznqVg0.mjs:389:12)
    at AstroComponentInstance.init (file:///root/Chainflow-Trading/dist/server/chunks/astro/server_CxznqVg0.mjs:1456:29)
    at AstroComponentInstance.render (file:///root/Chainflow-Trading/dist/server/chunks/astro/server_CxznqVg0.mjs:1466:30)
    at Object.render (file:///root/Chainflow-Trading/dist/server/chunks/astro/server_CxznqVg0.mjs:2227:23)
    at renderChild (file:///root/Chainflow-Trading/dist/server/chunks/astro/server_CxznqVg0.mjs:1364:18)
    at file:///root/Chainflow-Trading/dist/server/chunks/astro/server_CxznqVg0.mjs:1153:18
    at new BufferedRenderer (file:///root/Chainflow-Trading/dist/server/chunks/astro/server_CxznqVg0.mjs:1048:26)
    at createBufferedRenderer (file:///root/Chainflow-Trading/dist/server/chunks/astro/server_CxznqVg0.mjs:1072:10)
    at file:///root/Chainflow-Trading/dist/server/chunks/astro/server_CxznqVg0.mjs:1151:14
2025-11-04T09:27:28: There was an uncaught error in the middle of the stream while rendering /tags/Risk%20Management. TypeError: Cannot read properties of undefined (reading 'map')
    at file:///root/Chainflow-Trading/dist/server/chunks/Tag_NqRzAL3y.mjs:11:376
    at AstroComponentInstance.Tag [as factory] (file:///root/Chainflow-Trading/dist/server/chunks/astro/server_CxznqVg0.mjs:389:12)
    at AstroComponentInstance.init (file:///root/Chainflow-Trading/dist/server/chunks/astro/server_CxznqVg0.mjs:1456:29)
    at AstroComponentInstance.render (file:///root/Chainflow-Trading/dist/server/chunks/astro/server_CxznqVg0.mjs:1466:30)
    at Object.render (file:///root/Chainflow-Trading/dist/server/chunks/astro/server_CxznqVg0.mjs:2227:23)
    at renderChild (file:///root/Chainflow-Trading/dist/server/chunks/astro/server_CxznqVg0.mjs:1364:18)
    at file:///root/Chainflow-Trading/dist/server/chunks/astro/server_CxznqVg0.mjs:1153:18
    at new BufferedRenderer (file:///root/Chainflow-Trading/dist/server/chunks/astro/server_CxznqVg0.mjs:1048:26)
    at createBufferedRenderer (file:///root/Chainflow-Trading/dist/server/chunks/astro/server_CxznqVg0.mjs:1072:10)
    at file:///root/Chainflow-Trading/dist/server/chunks/astro/server_CxznqVg0.mjs:1151:14
2025-11-04T12:36:21: There was an uncaught error in the middle of the stream while rendering /tags/Trading%20Success. TypeError: Cannot read properties of undefined (reading 'map')
    at file:///root/Chainflow-Trading/dist/server/chunks/Tag_NqRzAL3y.mjs:11:376
    at AstroComponentInstance.Tag [as factory] (file:///root/Chainflow-Trading/dist/server/chunks/astro/server_CxznqVg0.mjs:389:12)
    at AstroComponentInstance.init (file:///root/Chainflow-Trading/dist/server/chunks/astro/server_CxznqVg0.mjs:1456:29)
    at AstroComponentInstance.render (file:///root/Chainflow-Trading/dist/server/chunks/astro/server_CxznqVg0.mjs:1466:30)
    at Object.render (file:///root/Chainflow-Trading/dist/server/chunks/astro/server_CxznqVg0.mjs:2227:23)
    at renderChild (file:///root/Chainflow-Trading/dist/server/chunks/astro/server_CxznqVg0.mjs:1364:18)
    at file:///root/Chainflow-Trading/dist/server/chunks/astro/server_CxznqVg0.mjs:1153:18
    at new BufferedRenderer (file:///root/Chainflow-Trading/dist/server/chunks/astro/server_CxznqVg0.mjs:1048:26)
    at createBufferedRenderer (file:///root/Chainflow-Trading/dist/server/chunks/astro/server_CxznqVg0.mjs:1072:10)
    at file:///root/Chainflow-Trading/dist/server/chunks/astro/server_CxznqVg0.mjs:1151:14
2025-11-04T18:14:30: There was an uncaught error in the middle of the stream while rendering /tags/Risk%20Management. TypeError: Cannot read properties of undefined (reading 'map')
    at file:///root/Chainflow-Trading/dist/server/chunks/Tag_NqRzAL3y.mjs:11:376
    at AstroComponentInstance.Tag [as factory] (file:///root/Chainflow-Trading/dist/server/chunks/astro/server_CxznqVg0.mjs:389:12)
    at AstroComponentInstance.init (file:///root/Chainflow-Trading/dist/server/chunks/astro/server_CxznqVg0.mjs:1456:29)
    at AstroComponentInstance.render (file:///root/Chainflow-Trading/dist/server/chunks/astro/server_CxznqVg0.mjs:1466:30)
    at Object.render (file:///root/Chainflow-Trading/dist/server/chunks/astro/server_CxznqVg0.mjs:2227:23)
    at renderChild (file:///root/Chainflow-Trading/dist/server/chunks/astro/server_CxznqVg0.mjs:1364:18)
    at file:///root/Chainflow-Trading/dist/server/chunks/astro/server_CxznqVg0.mjs:1153:18
    at new BufferedRenderer (file:///root/Chainflow-Trading/dist/server/chunks/astro/server_CxznqVg0.mjs:1048:26)
    at createBufferedRenderer (file:///root/Chainflow-Trading/dist/server/chunks/astro/server_CxznqVg0.mjs:1072:10)
    at file:///root/Chainflow-Trading/dist/server/chunks/astro/server_CxznqVg0.mjs:1151:14
2025-11-04T20:39:59: There was an uncaught error in the middle of the stream while rendering /tags/Mental%20Edge. TypeError: Cannot read properties of undefined (reading 'map')
    at file:///root/Chainflow-Trading/dist/server/chunks/Tag_NqRzAL3y.mjs:11:376
    at AstroComponentInstance.Tag [as factory] (file:///root/Chainflow-Trading/dist/server/chunks/astro/server_CxznqVg0.mjs:389:12)
    at AstroComponentInstance.init (file:///root/Chainflow-Trading/dist/server/chunks/astro/server_CxznqVg0.mjs:1456:29)
    at AstroComponentInstance.render (file:///root/Chainflow-Trading/dist/server/chunks/astro/server_CxznqVg0.mjs:1466:30)
    at Object.render (file:///root/Chainflow-Trading/dist/server/chunks/astro/server_CxznqVg0.mjs:2227:23)
    at renderChild (file:///root/Chainflow-Trading/dist/server/chunks/astro/server_CxznqVg0.mjs:1364:18)
    at file:///root/Chainflow-Trading/dist/server/chunks/astro/server_CxznqVg0.mjs:1153:18
    at new BufferedRenderer (file:///root/Chainflow-Trading/dist/server/chunks/astro/server_CxznqVg0.mjs:1048:26)
    at createBufferedRenderer (file:///root/Chainflow-Trading/dist/server/chunks/astro/server_CxznqVg0.mjs:1072:10)
    at file:///root/Chainflow-Trading/dist/server/chunks/astro/server_CxznqVg0.mjs:1151:14
2025-11-04T20:40:02: There was an uncaught error in the middle of the stream while rendering /tags/Portfolio%20Management. TypeError: Cannot read properties of undefined (reading 'map')
    at file:///root/Chainflow-Trading/dist/server/chunks/Tag_NqRzAL3y.mjs:11:376
    at AstroComponentInstance.Tag [as factory] (file:///root/Chainflow-Trading/dist/server/chunks/astro/server_CxznqVg0.mjs:389:12)
    at AstroComponentInstance.init (file:///root/Chainflow-Trading/dist/server/chunks/astro/server_CxznqVg0.mjs:1456:29)
    at AstroComponentInstance.render (file:///root/Chainflow-Trading/dist/server/chunks/astro/server_CxznqVg0.mjs:1466:30)
    at Object.render (file:///root/Chainflow-Trading/dist/server/chunks/astro/server_CxznqVg0.mjs:2227:23)
    at renderChild (file:///root/Chainflow-Trading/dist/server/chunks/astro/server_CxznqVg0.mjs:1364:18)
    at file:///root/Chainflow-Trading/dist/server/chunks/astro/server_CxznqVg0.mjs:1153:18
    at new BufferedRenderer (file:///root/Chainflow-Trading/dist/server/chunks/astro/server_CxznqVg0.mjs:1048:26)
    at createBufferedRenderer (file:///root/Chainflow-Trading/dist/server/chunks/astro/server_CxznqVg0.mjs:1072:10)
    at file:///root/Chainflow-Trading/dist/server/chunks/astro/server_CxznqVg0.mjs:1151:14
2025-11-04T20:40:05: There was an uncaught error in the middle of the stream while rendering /tags/Prop%20Trading. TypeError: Cannot read properties of undefined (reading 'map')
    at file:///root/Chainflow-Trading/dist/server/chunks/Tag_NqRzAL3y.mjs:11:376
    at AstroComponentInstance.Tag [as factory] (file:///root/Chainflow-Trading/dist/server/chunks/astro/server_CxznqVg0.mjs:389:12)
    at AstroComponentInstance.init (file:///root/Chainflow-Trading/dist/server/chunks/astro/server_CxznqVg0.mjs:1456:29)
    at AstroComponentInstance.render (file:///root/Chainflow-Trading/dist/server/chunks/astro/server_CxznqVg0.mjs:1466:30)
    at Object.render (file:///root/Chainflow-Trading/dist/server/chunks/astro/server_CxznqVg0.mjs:2227:23)
    at renderChild (file:///root/Chainflow-Trading/dist/server/chunks/astro/server_CxznqVg0.mjs:1364:18)
    at file:///root/Chainflow-Trading/dist/server/chunks/astro/server_CxznqVg0.mjs:1153:18
    at new BufferedRenderer (file:///root/Chainflow-Trading/dist/server/chunks/astro/server_CxznqVg0.mjs:1048:26)
    at createBufferedRenderer (file:///root/Chainflow-Trading/dist/server/chunks/astro/server_CxznqVg0.mjs:1072:10)
    at file:///root/Chainflow-Trading/dist/server/chunks/astro/server_CxznqVg0.mjs:1151:14
2025-11-04T20:40:09: There was an uncaught error in the middle of the stream while rendering /tags/Stop%20Loss. TypeError: Cannot read properties of undefined (reading 'map')
    at file:///root/Chainflow-Trading/dist/server/chunks/Tag_NqRzAL3y.mjs:11:376
    at AstroComponentInstance.Tag [as factory] (file:///root/Chainflow-Trading/dist/server/chunks/astro/server_CxznqVg0.mjs:389:12)
    at AstroComponentInstance.init (file:///root/Chainflow-Trading/dist/server/chunks/astro/server_CxznqVg0.mjs:1456:29)
    at AstroComponentInstance.render (file:///root/Chainflow-Trading/dist/server/chunks/astro/server_CxznqVg0.mjs:1466:30)
    at Object.render (file:///root/Chainflow-Trading/dist/server/chunks/astro/server_CxznqVg0.mjs:2227:23)
    at renderChild (file:///root/Chainflow-Trading/dist/server/chunks/astro/server_CxznqVg0.mjs:1364:18)
    at file:///root/Chainflow-Trading/dist/server/chunks/astro/server_CxznqVg0.mjs:1153:18
    at new BufferedRenderer (file:///root/Chainflow-Trading/dist/server/chunks/astro/server_CxznqVg0.mjs:1048:26)
    at createBufferedRenderer (file:///root/Chainflow-Trading/dist/server/chunks/astro/server_CxznqVg0.mjs:1072:10)
    at file:///root/Chainflow-Trading/dist/server/chunks/astro/server_CxznqVg0.mjs:1151:14
2025-11-04T20:40:12: There was an uncaught error in the middle of the stream while rendering /tags/Trading%20Psychology. TypeError: Cannot read properties of undefined (reading 'map')
    at file:///root/Chainflow-Trading/dist/server/chunks/Tag_NqRzAL3y.mjs:11:376
    at AstroComponentInstance.Tag [as factory] (file:///root/Chainflow-Trading/dist/server/chunks/astro/server_CxznqVg0.mjs:389:12)
    at AstroComponentInstance.init (file:///root/Chainflow-Trading/dist/server/chunks/astro/server_CxznqVg0.mjs:1456:29)
    at AstroComponentInstance.render (file:///root/Chainflow-Trading/dist/server/chunks/astro/server_CxznqVg0.mjs:1466:30)
    at Object.render (file:///root/Chainflow-Trading/dist/server/chunks/astro/server_CxznqVg0.mjs:2227:23)
    at renderChild (file:///root/Chainflow-Trading/dist/server/chunks/astro/server_CxznqVg0.mjs:1364:18)
    at file:///root/Chainflow-Trading/dist/server/chunks/astro/server_CxznqVg0.mjs:1153:18
    at new BufferedRenderer (file:///root/Chainflow-Trading/dist/server/chunks/astro/server_CxznqVg0.mjs:1048:26)
    at createBufferedRenderer (file:///root/Chainflow-Trading/dist/server/chunks/astro/server_CxznqVg0.mjs:1072:10)
    at file:///root/Chainflow-Trading/dist/server/chunks/astro/server_CxznqVg0.mjs:1151:14
2025-11-04T20:40:15: There was an uncaught error in the middle of the stream while rendering /tags/Trading%20Strategy. TypeError: Cannot read properties of undefined (reading 'map')
    at file:///root/Chainflow-Trading/dist/server/chunks/Tag_NqRzAL3y.mjs:11:376
    at AstroComponentInstance.Tag [as factory] (file:///root/Chainflow-Trading/dist/server/chunks/astro/server_CxznqVg0.mjs:389:12)
    at AstroComponentInstance.init (file:///root/Chainflow-Trading/dist/server/chunks/astro/server_CxznqVg0.mjs:1456:29)
    at AstroComponentInstance.render (file:///root/Chainflow-Trading/dist/server/chunks/astro/server_CxznqVg0.mjs:1466:30)
    at Object.render (file:///root/Chainflow-Trading/dist/server/chunks/astro/server_CxznqVg0.mjs:2227:23)
    at renderChild (file:///root/Chainflow-Trading/dist/server/chunks/astro/server_CxznqVg0.mjs:1364:18)
    at file:///root/Chainflow-Trading/dist/server/chunks/astro/server_CxznqVg0.mjs:1153:18
    at new BufferedRenderer (file:///root/Chainflow-Trading/dist/server/chunks/astro/server_CxznqVg0.mjs:1048:26)
    at createBufferedRenderer (file:///root/Chainflow-Trading/dist/server/chunks/astro/server_CxznqVg0.mjs:1072:10)
    at file:///root/Chainflow-Trading/dist/server/chunks/astro/server_CxznqVg0.mjs:1151:14
2025-11-04T22:06:57: There was an uncaught error in the middle of the stream while rendering /tags/Risk%20Management. TypeError: Cannot read properties of undefined (reading 'map')
    at file:///root/Chainflow-Trading/dist/server/chunks/Tag_NqRzAL3y.mjs:11:376
    at AstroComponentInstance.Tag [as factory] (file:///root/Chainflow-Trading/dist/server/chunks/astro/server_CxznqVg0.mjs:389:12)
    at AstroComponentInstance.init (file:///root/Chainflow-Trading/dist/server/chunks/astro/server_CxznqVg0.mjs:1456:29)
    at AstroComponentInstance.render (file:///root/Chainflow-Trading/dist/server/chunks/astro/server_CxznqVg0.mjs:1466:30)
    at Object.render (file:///root/Chainflow-Trading/dist/server/chunks/astro/server_CxznqVg0.mjs:2227:23)
    at renderChild (file:///root/Chainflow-Trading/dist/server/chunks/astro/server_CxznqVg0.mjs:1364:18)
    at file:///root/Chainflow-Trading/dist/server/chunks/astro/server_CxznqVg0.mjs:1153:18
    at new BufferedRenderer (file:///root/Chainflow-Trading/dist/server/chunks/astro/server_CxznqVg0.mjs:1048:26)
    at createBufferedRenderer (file:///root/Chainflow-Trading/dist/server/chunks/astro/server_CxznqVg0.mjs:1072:10)
    at file:///root/Chainflow-Trading/dist/server/chunks/astro/server_CxznqVg0.mjs:1151:14
2025-11-05T01:59:54: There was an uncaught error in the middle of the stream while rendering /tags/Risk%20Management. TypeError: Cannot read properties of undefined (reading 'map')
    at file:///root/Chainflow-Trading/dist/server/chunks/Tag_NqRzAL3y.mjs:11:376
    at AstroComponentInstance.Tag [as factory] (file:///root/Chainflow-Trading/dist/server/chunks/astro/server_CxznqVg0.mjs:389:12)
    at AstroComponentInstance.init (file:///root/Chainflow-Trading/dist/server/chunks/astro/server_CxznqVg0.mjs:1456:29)
    at AstroComponentInstance.render (file:///root/Chainflow-Trading/dist/server/chunks/astro/server_CxznqVg0.mjs:1466:30)
    at Object.render (file:///root/Chainflow-Trading/dist/server/chunks/astro/server_CxznqVg0.mjs:2227:23)
    at renderChild (file:///root/Chainflow-Trading/dist/server/chunks/astro/server_CxznqVg0.mjs:1364:18)
    at file:///root/Chainflow-Trading/dist/server/chunks/astro/server_CxznqVg0.mjs:1153:18
    at new BufferedRenderer (file:///root/Chainflow-Trading/dist/server/chunks/astro/server_CxznqVg0.mjs:1048:26)
    at createBufferedRenderer (file:///root/Chainflow-Trading/dist/server/chunks/astro/server_CxznqVg0.mjs:1072:10)
    at file:///root/Chainflow-Trading/dist/server/chunks/astro/server_CxznqVg0.mjs:1151:14
2025-11-05T14:14:57: There was an uncaught error in the middle of the stream while rendering /tags/Mental%20Edge. TypeError: Cannot read properties of undefined (reading 'map')
    at file:///root/Chainflow-Trading/dist/server/chunks/Tag_NqRzAL3y.mjs:11:376
    at AstroComponentInstance.Tag [as factory] (file:///root/Chainflow-Trading/dist/server/chunks/astro/server_CxznqVg0.mjs:389:12)
    at AstroComponentInstance.init (file:///root/Chainflow-Trading/dist/server/chunks/astro/server_CxznqVg0.mjs:1456:29)
    at AstroComponentInstance.render (file:///root/Chainflow-Trading/dist/server/chunks/astro/server_CxznqVg0.mjs:1466:30)
    at Object.render (file:///root/Chainflow-Trading/dist/server/chunks/astro/server_CxznqVg0.mjs:2227:23)
    at renderChild (file:///root/Chainflow-Trading/dist/server/chunks/astro/server_CxznqVg0.mjs:1364:18)
    at file:///root/Chainflow-Trading/dist/server/chunks/astro/server_CxznqVg0.mjs:1153:18
    at new BufferedRenderer (file:///root/Chainflow-Trading/dist/server/chunks/astro/server_CxznqVg0.mjs:1048:26)
    at createBufferedRenderer (file:///root/Chainflow-Trading/dist/server/chunks/astro/server_CxznqVg0.mjs:1072:10)
    at file:///root/Chainflow-Trading/dist/server/chunks/astro/server_CxznqVg0.mjs:1151:14
2025-11-05T14:15:00: There was an uncaught error in the middle of the stream while rendering /tags/Portfolio%20Management. TypeError: Cannot read properties of undefined (reading 'map')
    at file:///root/Chainflow-Trading/dist/server/chunks/Tag_NqRzAL3y.mjs:11:376
    at AstroComponentInstance.Tag [as factory] (file:///root/Chainflow-Trading/dist/server/chunks/astro/server_CxznqVg0.mjs:389:12)
    at AstroComponentInstance.init (file:///root/Chainflow-Trading/dist/server/chunks/astro/server_CxznqVg0.mjs:1456:29)
    at AstroComponentInstance.render (file:///root/Chainflow-Trading/dist/server/chunks/astro/server_CxznqVg0.mjs:1466:30)
    at Object.render (file:///root/Chainflow-Trading/dist/server/chunks/astro/server_CxznqVg0.mjs:2227:23)
    at renderChild (file:///root/Chainflow-Trading/dist/server/chunks/astro/server_CxznqVg0.mjs:1364:18)
    at file:///root/Chainflow-Trading/dist/server/chunks/astro/server_CxznqVg0.mjs:1153:18
    at new BufferedRenderer (file:///root/Chainflow-Trading/dist/server/chunks/astro/server_CxznqVg0.mjs:1048:26)
    at createBufferedRenderer (file:///root/Chainflow-Trading/dist/server/chunks/astro/server_CxznqVg0.mjs:1072:10)
    at file:///root/Chainflow-Trading/dist/server/chunks/astro/server_CxznqVg0.mjs:1151:14
2025-11-05T14:15:04: There was an uncaught error in the middle of the stream while rendering /tags/Prop%20Trading. TypeError: Cannot read properties of undefined (reading 'map')
    at file:///root/Chainflow-Trading/dist/server/chunks/Tag_NqRzAL3y.mjs:11:376
    at AstroComponentInstance.Tag [as factory] (file:///root/Chainflow-Trading/dist/server/chunks/astro/server_CxznqVg0.mjs:389:12)
    at AstroComponentInstance.init (file:///root/Chainflow-Trading/dist/server/chunks/astro/server_CxznqVg0.mjs:1456:29)
    at AstroComponentInstance.render (file:///root/Chainflow-Trading/dist/server/chunks/astro/server_CxznqVg0.mjs:1466:30)
    at Object.render (file:///root/Chainflow-Trading/dist/server/chunks/astro/server_CxznqVg0.mjs:2227:23)
    at renderChild (file:///root/Chainflow-Trading/dist/server/chunks/astro/server_CxznqVg0.mjs:1364:18)
    at file:///root/Chainflow-Trading/dist/server/chunks/astro/server_CxznqVg0.mjs:1153:18
    at new BufferedRenderer (file:///root/Chainflow-Trading/dist/server/chunks/astro/server_CxznqVg0.mjs:1048:26)
    at createBufferedRenderer (file:///root/Chainflow-Trading/dist/server/chunks/astro/server_CxznqVg0.mjs:1072:10)
    at file:///root/Chainflow-Trading/dist/server/chunks/astro/server_CxznqVg0.mjs:1151:14
2025-11-05T14:15:07: There was an uncaught error in the middle of the stream while rendering /tags/Stop%20Loss. TypeError: Cannot read properties of undefined (reading 'map')
    at file:///root/Chainflow-Trading/dist/server/chunks/Tag_NqRzAL3y.mjs:11:376
    at AstroComponentInstance.Tag [as factory] (file:///root/Chainflow-Trading/dist/server/chunks/astro/server_CxznqVg0.mjs:389:12)
    at AstroComponentInstance.init (file:///root/Chainflow-Trading/dist/server/chunks/astro/server_CxznqVg0.mjs:1456:29)
    at AstroComponentInstance.render (file:///root/Chainflow-Trading/dist/server/chunks/astro/server_CxznqVg0.mjs:1466:30)
    at Object.render (file:///root/Chainflow-Trading/dist/server/chunks/astro/server_CxznqVg0.mjs:2227:23)
    at renderChild (file:///root/Chainflow-Trading/dist/server/chunks/astro/server_CxznqVg0.mjs:1364:18)
    at file:///root/Chainflow-Trading/dist/server/chunks/astro/server_CxznqVg0.mjs:1153:18
    at new BufferedRenderer (file:///root/Chainflow-Trading/dist/server/chunks/astro/server_CxznqVg0.mjs:1048:26)
    at createBufferedRenderer (file:///root/Chainflow-Trading/dist/server/chunks/astro/server_CxznqVg0.mjs:1072:10)
    at file:///root/Chainflow-Trading/dist/server/chunks/astro/server_CxznqVg0.mjs:1151:14
2025-11-05T14:15:10: There was an uncaught error in the middle of the stream while rendering /tags/Trading%20Psychology. TypeError: Cannot read properties of undefined (reading 'map')
    at file:///root/Chainflow-Trading/dist/server/chunks/Tag_NqRzAL3y.mjs:11:376
    at AstroComponentInstance.Tag [as factory] (file:///root/Chainflow-Trading/dist/server/chunks/astro/server_CxznqVg0.mjs:389:12)
    at AstroComponentInstance.init (file:///root/Chainflow-Trading/dist/server/chunks/astro/server_CxznqVg0.mjs:1456:29)
    at AstroComponentInstance.render (file:///root/Chainflow-Trading/dist/server/chunks/astro/server_CxznqVg0.mjs:1466:30)
    at Object.render (file:///root/Chainflow-Trading/dist/server/chunks/astro/server_CxznqVg0.mjs:2227:23)
    at renderChild (file:///root/Chainflow-Trading/dist/server/chunks/astro/server_CxznqVg0.mjs:1364:18)
    at file:///root/Chainflow-Trading/dist/server/chunks/astro/server_CxznqVg0.mjs:1153:18
    at new BufferedRenderer (file:///root/Chainflow-Trading/dist/server/chunks/astro/server_CxznqVg0.mjs:1048:26)
    at createBufferedRenderer (file:///root/Chainflow-Trading/dist/server/chunks/astro/server_CxznqVg0.mjs:1072:10)
    at file:///root/Chainflow-Trading/dist/server/chunks/astro/server_CxznqVg0.mjs:1151:14
2025-11-05T14:15:14: There was an uncaught error in the middle of the stream while rendering /tags/Trading%20Strategy. TypeError: Cannot read properties of undefined (reading 'map')
    at file:///root/Chainflow-Trading/dist/server/chunks/Tag_NqRzAL3y.mjs:11:376
    at AstroComponentInstance.Tag [as factory] (file:///root/Chainflow-Trading/dist/server/chunks/astro/server_CxznqVg0.mjs:389:12)
    at AstroComponentInstance.init (file:///root/Chainflow-Trading/dist/server/chunks/astro/server_CxznqVg0.mjs:1456:29)
    at AstroComponentInstance.render (file:///root/Chainflow-Trading/dist/server/chunks/astro/server_CxznqVg0.mjs:1466:30)
    at Object.render (file:///root/Chainflow-Trading/dist/server/chunks/astro/server_CxznqVg0.mjs:2227:23)
    at renderChild (file:///root/Chainflow-Trading/dist/server/chunks/astro/server_CxznqVg0.mjs:1364:18)
    at file:///root/Chainflow-Trading/dist/server/chunks/astro/server_CxznqVg0.mjs:1153:18
    at new BufferedRenderer (file:///root/Chainflow-Trading/dist/server/chunks/astro/server_CxznqVg0.mjs:1048:26)
    at createBufferedRenderer (file:///root/Chainflow-Trading/dist/server/chunks/astro/server_CxznqVg0.mjs:1072:10)
    at file:///root/Chainflow-Trading/dist/server/chunks/astro/server_CxznqVg0.mjs:1151:14
2025-11-05T18:01:09: There was an uncaught error in the middle of the stream while rendering /tags/Trading%20Success. TypeError: Cannot read properties of undefined (reading 'map')
    at file:///root/Chainflow-Trading/dist/server/chunks/Tag_NqRzAL3y.mjs:11:376
    at AstroComponentInstance.Tag [as factory] (file:///root/Chainflow-Trading/dist/server/chunks/astro/server_CxznqVg0.mjs:389:12)
    at AstroComponentInstance.init (file:///root/Chainflow-Trading/dist/server/chunks/astro/server_CxznqVg0.mjs:1456:29)
    at AstroComponentInstance.render (file:///root/Chainflow-Trading/dist/server/chunks/astro/server_CxznqVg0.mjs:1466:30)
    at Object.render (file:///root/Chainflow-Trading/dist/server/chunks/astro/server_CxznqVg0.mjs:2227:23)
    at renderChild (file:///root/Chainflow-Trading/dist/server/chunks/astro/server_CxznqVg0.mjs:1364:18)
    at file:///root/Chainflow-Trading/dist/server/chunks/astro/server_CxznqVg0.mjs:1153:18
    at new BufferedRenderer (file:///root/Chainflow-Trading/dist/server/chunks/astro/server_CxznqVg0.mjs:1048:26)
    at createBufferedRenderer (file:///root/Chainflow-Trading/dist/server/chunks/astro/server_CxznqVg0.mjs:1072:10)
    at file:///root/Chainflow-Trading/dist/server/chunks/astro/server_CxznqVg0.mjs:1151:14
2025-11-05T20:37:08: There was an uncaught error in the middle of the stream while rendering /tags/Discipline. TypeError: Cannot read properties of undefined (reading 'map')
    at file:///root/Chainflow-Trading/dist/server/chunks/Tag_NqRzAL3y.mjs:11:376
    at AstroComponentInstance.Tag [as factory] (file:///root/Chainflow-Trading/dist/server/chunks/astro/server_CxznqVg0.mjs:389:12)
    at AstroComponentInstance.init (file:///root/Chainflow-Trading/dist/server/chunks/astro/server_CxznqVg0.mjs:1456:29)
    at AstroComponentInstance.render (file:///root/Chainflow-Trading/dist/server/chunks/astro/server_CxznqVg0.mjs:1466:30)
    at Object.render (file:///root/Chainflow-Trading/dist/server/chunks/astro/server_CxznqVg0.mjs:2227:23)
    at renderChild (file:///root/Chainflow-Trading/dist/server/chunks/astro/server_CxznqVg0.mjs:1364:18)
    at file:///root/Chainflow-Trading/dist/server/chunks/astro/server_CxznqVg0.mjs:1153:18
    at new BufferedRenderer (file:///root/Chainflow-Trading/dist/server/chunks/astro/server_CxznqVg0.mjs:1048:26)
    at createBufferedRenderer (file:///root/Chainflow-Trading/dist/server/chunks/astro/server_CxznqVg0.mjs:1072:10)
    at file:///root/Chainflow-Trading/dist/server/chunks/astro/server_CxznqVg0.mjs:1151:14
2025-11-05T21:58:16: There was an uncaught error in the middle of the stream while rendering /tags/Trading%20Success. TypeError: Cannot read properties of undefined (reading 'map')
    at file:///root/Chainflow-Trading/dist/server/chunks/Tag_NqRzAL3y.mjs:11:376
    at AstroComponentInstance.Tag [as factory] (file:///root/Chainflow-Trading/dist/server/chunks/astro/server_CxznqVg0.mjs:389:12)
    at AstroComponentInstance.init (file:///root/Chainflow-Trading/dist/server/chunks/astro/server_CxznqVg0.mjs:1456:29)
    at AstroComponentInstance.render (file:///root/Chainflow-Trading/dist/server/chunks/astro/server_CxznqVg0.mjs:1466:30)
    at Object.render (file:///root/Chainflow-Trading/dist/server/chunks/astro/server_CxznqVg0.mjs:2227:23)
    at renderChild (file:///root/Chainflow-Trading/dist/server/chunks/astro/server_CxznqVg0.mjs:1364:18)
    at file:///root/Chainflow-Trading/dist/server/chunks/astro/server_CxznqVg0.mjs:1153:18
    at new BufferedRenderer (file:///root/Chainflow-Trading/dist/server/chunks/astro/server_CxznqVg0.mjs:1048:26)
    at createBufferedRenderer (file:///root/Chainflow-Trading/dist/server/chunks/astro/server_CxznqVg0.mjs:1072:10)
    at file:///root/Chainflow-Trading/dist/server/chunks/astro/server_CxznqVg0.mjs:1151:14
2025-11-05T22:20:21: There was an uncaught error in the middle of the stream while rendering /tags/Trading%20Psychology. TypeError: Cannot read properties of undefined (reading 'map')
    at file:///root/Chainflow-Trading/dist/server/chunks/Tag_NqRzAL3y.mjs:11:376
    at AstroComponentInstance.Tag [as factory] (file:///root/Chainflow-Trading/dist/server/chunks/astro/server_CxznqVg0.mjs:389:12)
    at AstroComponentInstance.init (file:///root/Chainflow-Trading/dist/server/chunks/astro/server_CxznqVg0.mjs:1456:29)
    at AstroComponentInstance.render (file:///root/Chainflow-Trading/dist/server/chunks/astro/server_CxznqVg0.mjs:1466:30)
    at Object.render (file:///root/Chainflow-Trading/dist/server/chunks/astro/server_CxznqVg0.mjs:2227:23)
    at renderChild (file:///root/Chainflow-Trading/dist/server/chunks/astro/server_CxznqVg0.mjs:1364:18)
    at file:///root/Chainflow-Trading/dist/server/chunks/astro/server_CxznqVg0.mjs:1153:18
    at new BufferedRenderer (file:///root/Chainflow-Trading/dist/server/chunks/astro/server_CxznqVg0.mjs:1048:26)
    at createBufferedRenderer (file:///root/Chainflow-Trading/dist/server/chunks/astro/server_CxznqVg0.mjs:1072:10)
    at file:///root/Chainflow-Trading/dist/server/chunks/astro/server_CxznqVg0.mjs:1151:14
2025-11-06T07:52:47: There was an uncaught error in the middle of the stream while rendering /tags/Day%20Trading. TypeError: Cannot read properties of undefined (reading 'map')
    at file:///root/Chainflow-Trading/dist/server/chunks/Tag_NqRzAL3y.mjs:11:376
    at AstroComponentInstance.Tag [as factory] (file:///root/Chainflow-Trading/dist/server/chunks/astro/server_CxznqVg0.mjs:389:12)
    at AstroComponentInstance.init (file:///root/Chainflow-Trading/dist/server/chunks/astro/server_CxznqVg0.mjs:1456:29)
    at AstroComponentInstance.render (file:///root/Chainflow-Trading/dist/server/chunks/astro/server_CxznqVg0.mjs:1466:30)
    at Object.render (file:///root/Chainflow-Trading/dist/server/chunks/astro/server_CxznqVg0.mjs:2227:23)
    at renderChild (file:///root/Chainflow-Trading/dist/server/chunks/astro/server_CxznqVg0.mjs:1364:18)
    at file:///root/Chainflow-Trading/dist/server/chunks/astro/server_CxznqVg0.mjs:1153:18
    at new BufferedRenderer (file:///root/Chainflow-Trading/dist/server/chunks/astro/server_CxznqVg0.mjs:1048:26)
    at createBufferedRenderer (file:///root/Chainflow-Trading/dist/server/chunks/astro/server_CxznqVg0.mjs:1072:10)
    at file:///root/Chainflow-Trading/dist/server/chunks/astro/server_CxznqVg0.mjs:1151:14
2025-11-06T07:52:51: There was an uncaught error in the middle of the stream while rendering /tags/Momentum%20Trading. TypeError: Cannot read properties of undefined (reading 'map')
    at file:///root/Chainflow-Trading/dist/server/chunks/Tag_NqRzAL3y.mjs:11:376
    at AstroComponentInstance.Tag [as factory] (file:///root/Chainflow-Trading/dist/server/chunks/astro/server_CxznqVg0.mjs:389:12)
    at AstroComponentInstance.init (file:///root/Chainflow-Trading/dist/server/chunks/astro/server_CxznqVg0.mjs:1456:29)
    at AstroComponentInstance.render (file:///root/Chainflow-Trading/dist/server/chunks/astro/server_CxznqVg0.mjs:1466:30)
    at Object.render (file:///root/Chainflow-Trading/dist/server/chunks/astro/server_CxznqVg0.mjs:2227:23)
    at renderChild (file:///root/Chainflow-Trading/dist/server/chunks/astro/server_CxznqVg0.mjs:1364:18)
    at file:///root/Chainflow-Trading/dist/server/chunks/astro/server_CxznqVg0.mjs:1153:18
    at new BufferedRenderer (file:///root/Chainflow-Trading/dist/server/chunks/astro/server_CxznqVg0.mjs:1048:26)
    at createBufferedRenderer (file:///root/Chainflow-Trading/dist/server/chunks/astro/server_CxznqVg0.mjs:1072:10)
    at file:///root/Chainflow-Trading/dist/server/chunks/astro/server_CxznqVg0.mjs:1151:14
2025-11-06T07:52:54: There was an uncaught error in the middle of the stream while rendering /tags/Position%20Sizing. TypeError: Cannot read properties of undefined (reading 'map')
    at file:///root/Chainflow-Trading/dist/server/chunks/Tag_NqRzAL3y.mjs:11:376
    at AstroComponentInstance.Tag [as factory] (file:///root/Chainflow-Trading/dist/server/chunks/astro/server_CxznqVg0.mjs:389:12)
    at AstroComponentInstance.init (file:///root/Chainflow-Trading/dist/server/chunks/astro/server_CxznqVg0.mjs:1456:29)
    at AstroComponentInstance.render (file:///root/Chainflow-Trading/dist/server/chunks/astro/server_CxznqVg0.mjs:1466:30)
    at Object.render (file:///root/Chainflow-Trading/dist/server/chunks/astro/server_CxznqVg0.mjs:2227:23)
    at renderChild (file:///root/Chainflow-Trading/dist/server/chunks/astro/server_CxznqVg0.mjs:1364:18)
    at file:///root/Chainflow-Trading/dist/server/chunks/astro/server_CxznqVg0.mjs:1153:18
    at new BufferedRenderer (file:///root/Chainflow-Trading/dist/server/chunks/astro/server_CxznqVg0.mjs:1048:26)
    at createBufferedRenderer (file:///root/Chainflow-Trading/dist/server/chunks/astro/server_CxznqVg0.mjs:1072:10)
    at file:///root/Chainflow-Trading/dist/server/chunks/astro/server_CxznqVg0.mjs:1151:14
2025-11-06T07:52:57: There was an uncaught error in the middle of the stream while rendering /tags/Risk%20Management. TypeError: Cannot read properties of undefined (reading 'map')
    at file:///root/Chainflow-Trading/dist/server/chunks/Tag_NqRzAL3y.mjs:11:376
    at AstroComponentInstance.Tag [as factory] (file:///root/Chainflow-Trading/dist/server/chunks/astro/server_CxznqVg0.mjs:389:12)
    at AstroComponentInstance.init (file:///root/Chainflow-Trading/dist/server/chunks/astro/server_CxznqVg0.mjs:1456:29)
    at AstroComponentInstance.render (file:///root/Chainflow-Trading/dist/server/chunks/astro/server_CxznqVg0.mjs:1466:30)
    at Object.render (file:///root/Chainflow-Trading/dist/server/chunks/astro/server_CxznqVg0.mjs:2227:23)
    at renderChild (file:///root/Chainflow-Trading/dist/server/chunks/astro/server_CxznqVg0.mjs:1364:18)
    at file:///root/Chainflow-Trading/dist/server/chunks/astro/server_CxznqVg0.mjs:1153:18
    at new BufferedRenderer (file:///root/Chainflow-Trading/dist/server/chunks/astro/server_CxznqVg0.mjs:1048:26)
    at createBufferedRenderer (file:///root/Chainflow-Trading/dist/server/chunks/astro/server_CxznqVg0.mjs:1072:10)
    at file:///root/Chainflow-Trading/dist/server/chunks/astro/server_CxznqVg0.mjs:1151:14
2025-11-06T07:53:01: There was an uncaught error in the middle of the stream while rendering /tags/Technical%20Analysis. TypeError: Cannot read properties of undefined (reading 'map')
    at file:///root/Chainflow-Trading/dist/server/chunks/Tag_NqRzAL3y.mjs:11:376
    at AstroComponentInstance.Tag [as factory] (file:///root/Chainflow-Trading/dist/server/chunks/astro/server_CxznqVg0.mjs:389:12)
    at AstroComponentInstance.init (file:///root/Chainflow-Trading/dist/server/chunks/astro/server_CxznqVg0.mjs:1456:29)
    at AstroComponentInstance.render (file:///root/Chainflow-Trading/dist/server/chunks/astro/server_CxznqVg0.mjs:1466:30)
    at Object.render (file:///root/Chainflow-Trading/dist/server/chunks/astro/server_CxznqVg0.mjs:2227:23)
    at renderChild (file:///root/Chainflow-Trading/dist/server/chunks/astro/server_CxznqVg0.mjs:1364:18)
    at file:///root/Chainflow-Trading/dist/server/chunks/astro/server_CxznqVg0.mjs:1153:18
    at new BufferedRenderer (file:///root/Chainflow-Trading/dist/server/chunks/astro/server_CxznqVg0.mjs:1048:26)
    at createBufferedRenderer (file:///root/Chainflow-Trading/dist/server/chunks/astro/server_CxznqVg0.mjs:1072:10)
    at file:///root/Chainflow-Trading/dist/server/chunks/astro/server_CxznqVg0.mjs:1151:14
2025-11-06T07:53:04: There was an uncaught error in the middle of the stream while rendering /tags/Trading%20Strategies. TypeError: Cannot read properties of undefined (reading 'map')
    at file:///root/Chainflow-Trading/dist/server/chunks/Tag_NqRzAL3y.mjs:11:376
    at AstroComponentInstance.Tag [as factory] (file:///root/Chainflow-Trading/dist/server/chunks/astro/server_CxznqVg0.mjs:389:12)
    at AstroComponentInstance.init (file:///root/Chainflow-Trading/dist/server/chunks/astro/server_CxznqVg0.mjs:1456:29)
    at AstroComponentInstance.render (file:///root/Chainflow-Trading/dist/server/chunks/astro/server_CxznqVg0.mjs:1466:30)
    at Object.render (file:///root/Chainflow-Trading/dist/server/chunks/astro/server_CxznqVg0.mjs:2227:23)
    at renderChild (file:///root/Chainflow-Trading/dist/server/chunks/astro/server_CxznqVg0.mjs:1364:18)
    at file:///root/Chainflow-Trading/dist/server/chunks/astro/server_CxznqVg0.mjs:1153:18
    at new BufferedRenderer (file:///root/Chainflow-Trading/dist/server/chunks/astro/server_CxznqVg0.mjs:1048:26)
    at createBufferedRenderer (file:///root/Chainflow-Trading/dist/server/chunks/astro/server_CxznqVg0.mjs:1072:10)
    at file:///root/Chainflow-Trading/dist/server/chunks/astro/server_CxznqVg0.mjs:1151:14
2025-11-06T07:53:08: There was an uncaught error in the middle of the stream while rendering /tags/Trading%20Success. TypeError: Cannot read properties of undefined (reading 'map')
    at file:///root/Chainflow-Trading/dist/server/chunks/Tag_NqRzAL3y.mjs:11:376
    at AstroComponentInstance.Tag [as factory] (file:///root/Chainflow-Trading/dist/server/chunks/astro/server_CxznqVg0.mjs:389:12)
    at AstroComponentInstance.init (file:///root/Chainflow-Trading/dist/server/chunks/astro/server_CxznqVg0.mjs:1456:29)
    at AstroComponentInstance.render (file:///root/Chainflow-Trading/dist/server/chunks/astro/server_CxznqVg0.mjs:1466:30)
    at Object.render (file:///root/Chainflow-Trading/dist/server/chunks/astro/server_CxznqVg0.mjs:2227:23)
    at renderChild (file:///root/Chainflow-Trading/dist/server/chunks/astro/server_CxznqVg0.mjs:1364:18)
    at file:///root/Chainflow-Trading/dist/server/chunks/astro/server_CxznqVg0.mjs:1153:18
    at new BufferedRenderer (file:///root/Chainflow-Trading/dist/server/chunks/astro/server_CxznqVg0.mjs:1048:26)
    at createBufferedRenderer (file:///root/Chainflow-Trading/dist/server/chunks/astro/server_CxznqVg0.mjs:1072:10)
    at file:///root/Chainflow-Trading/dist/server/chunks/astro/server_CxznqVg0.mjs:1151:14
2025-11-06T08:17:07: There was an uncaught error in the middle of the stream while rendering /tags/Trading%20Success. TypeError: Cannot read properties of undefined (reading 'map')
    at file:///root/Chainflow-Trading/dist/server/chunks/Tag_NqRzAL3y.mjs:11:376
    at AstroComponentInstance.Tag [as factory] (file:///root/Chainflow-Trading/dist/server/chunks/astro/server_CxznqVg0.mjs:389:12)
    at AstroComponentInstance.init (file:///root/Chainflow-Trading/dist/server/chunks/astro/server_CxznqVg0.mjs:1456:29)
    at AstroComponentInstance.render (file:///root/Chainflow-Trading/dist/server/chunks/astro/server_CxznqVg0.mjs:1466:30)
    at Object.render (file:///root/Chainflow-Trading/dist/server/chunks/astro/server_CxznqVg0.mjs:2227:23)
    at renderChild (file:///root/Chainflow-Trading/dist/server/chunks/astro/server_CxznqVg0.mjs:1364:18)
    at file:///root/Chainflow-Trading/dist/server/chunks/astro/server_CxznqVg0.mjs:1153:18
    at new BufferedRenderer (file:///root/Chainflow-Trading/dist/server/chunks/astro/server_CxznqVg0.mjs:1048:26)
    at createBufferedRenderer (file:///root/Chainflow-Trading/dist/server/chunks/astro/server_CxznqVg0.mjs:1072:10)
    at file:///root/Chainflow-Trading/dist/server/chunks/astro/server_CxznqVg0.mjs:1151:14
2025-11-07T01:19:59: There was an uncaught error in the middle of the stream while rendering /tags/Day%20Trading. TypeError: Cannot read properties of undefined (reading 'map')
    at file:///root/Chainflow-Trading/dist/server/chunks/Tag_NqRzAL3y.mjs:11:376
    at AstroComponentInstance.Tag [as factory] (file:///root/Chainflow-Trading/dist/server/chunks/astro/server_CxznqVg0.mjs:389:12)
    at AstroComponentInstance.init (file:///root/Chainflow-Trading/dist/server/chunks/astro/server_CxznqVg0.mjs:1456:29)
    at AstroComponentInstance.render (file:///root/Chainflow-Trading/dist/server/chunks/astro/server_CxznqVg0.mjs:1466:30)
    at Object.render (file:///root/Chainflow-Trading/dist/server/chunks/astro/server_CxznqVg0.mjs:2227:23)
    at renderChild (file:///root/Chainflow-Trading/dist/server/chunks/astro/server_CxznqVg0.mjs:1364:18)
    at file:///root/Chainflow-Trading/dist/server/chunks/astro/server_CxznqVg0.mjs:1153:18
    at new BufferedRenderer (file:///root/Chainflow-Trading/dist/server/chunks/astro/server_CxznqVg0.mjs:1048:26)
    at createBufferedRenderer (file:///root/Chainflow-Trading/dist/server/chunks/astro/server_CxznqVg0.mjs:1072:10)
    at file:///root/Chainflow-Trading/dist/server/chunks/astro/server_CxznqVg0.mjs:1151:14
2025-11-07T01:20:03: There was an uncaught error in the middle of the stream while rendering /tags/Momentum%20Trading. TypeError: Cannot read properties of undefined (reading 'map')
    at file:///root/Chainflow-Trading/dist/server/chunks/Tag_NqRzAL3y.mjs:11:376
    at AstroComponentInstance.Tag [as factory] (file:///root/Chainflow-Trading/dist/server/chunks/astro/server_CxznqVg0.mjs:389:12)
    at AstroComponentInstance.init (file:///root/Chainflow-Trading/dist/server/chunks/astro/server_CxznqVg0.mjs:1456:29)
    at AstroComponentInstance.render (file:///root/Chainflow-Trading/dist/server/chunks/astro/server_CxznqVg0.mjs:1466:30)
    at Object.render (file:///root/Chainflow-Trading/dist/server/chunks/astro/server_CxznqVg0.mjs:2227:23)
    at renderChild (file:///root/Chainflow-Trading/dist/server/chunks/astro/server_CxznqVg0.mjs:1364:18)
    at file:///root/Chainflow-Trading/dist/server/chunks/astro/server_CxznqVg0.mjs:1153:18
    at new BufferedRenderer (file:///root/Chainflow-Trading/dist/server/chunks/astro/server_CxznqVg0.mjs:1048:26)
    at createBufferedRenderer (file:///root/Chainflow-Trading/dist/server/chunks/astro/server_CxznqVg0.mjs:1072:10)
    at file:///root/Chainflow-Trading/dist/server/chunks/astro/server_CxznqVg0.mjs:1151:14
2025-11-07T01:20:08: There was an uncaught error in the middle of the stream while rendering /tags/Position%20Sizing. TypeError: Cannot read properties of undefined (reading 'map')
    at file:///root/Chainflow-Trading/dist/server/chunks/Tag_NqRzAL3y.mjs:11:376
    at AstroComponentInstance.Tag [as factory] (file:///root/Chainflow-Trading/dist/server/chunks/astro/server_CxznqVg0.mjs:389:12)
    at AstroComponentInstance.init (file:///root/Chainflow-Trading/dist/server/chunks/astro/server_CxznqVg0.mjs:1456:29)
    at AstroComponentInstance.render (file:///root/Chainflow-Trading/dist/server/chunks/astro/server_CxznqVg0.mjs:1466:30)
    at Object.render (file:///root/Chainflow-Trading/dist/server/chunks/astro/server_CxznqVg0.mjs:2227:23)
    at renderChild (file:///root/Chainflow-Trading/dist/server/chunks/astro/server_CxznqVg0.mjs:1364:18)
    at file:///root/Chainflow-Trading/dist/server/chunks/astro/server_CxznqVg0.mjs:1153:18
    at new BufferedRenderer (file:///root/Chainflow-Trading/dist/server/chunks/astro/server_CxznqVg0.mjs:1048:26)
    at createBufferedRenderer (file:///root/Chainflow-Trading/dist/server/chunks/astro/server_CxznqVg0.mjs:1072:10)
    at file:///root/Chainflow-Trading/dist/server/chunks/astro/server_CxznqVg0.mjs:1151:14
2025-11-07T01:20:13: There was an uncaught error in the middle of the stream while rendering /tags/Risk%20Management. TypeError: Cannot read properties of undefined (reading 'map')
    at file:///root/Chainflow-Trading/dist/server/chunks/Tag_NqRzAL3y.mjs:11:376
    at AstroComponentInstance.Tag [as factory] (file:///root/Chainflow-Trading/dist/server/chunks/astro/server_CxznqVg0.mjs:389:12)
    at AstroComponentInstance.init (file:///root/Chainflow-Trading/dist/server/chunks/astro/server_CxznqVg0.mjs:1456:29)
    at AstroComponentInstance.render (file:///root/Chainflow-Trading/dist/server/chunks/astro/server_CxznqVg0.mjs:1466:30)
    at Object.render (file:///root/Chainflow-Trading/dist/server/chunks/astro/server_CxznqVg0.mjs:2227:23)
    at renderChild (file:///root/Chainflow-Trading/dist/server/chunks/astro/server_CxznqVg0.mjs:1364:18)
    at file:///root/Chainflow-Trading/dist/server/chunks/astro/server_CxznqVg0.mjs:1153:18
    at new BufferedRenderer (file:///root/Chainflow-Trading/dist/server/chunks/astro/server_CxznqVg0.mjs:1048:26)
    at createBufferedRenderer (file:///root/Chainflow-Trading/dist/server/chunks/astro/server_CxznqVg0.mjs:1072:10)
    at file:///root/Chainflow-Trading/dist/server/chunks/astro/server_CxznqVg0.mjs:1151:14
2025-11-07T01:20:18: There was an uncaught error in the middle of the stream while rendering /tags/Technical%20Analysis. TypeError: Cannot read properties of undefined (reading 'map')
    at file:///root/Chainflow-Trading/dist/server/chunks/Tag_NqRzAL3y.mjs:11:376
    at AstroComponentInstance.Tag [as factory] (file:///root/Chainflow-Trading/dist/server/chunks/astro/server_CxznqVg0.mjs:389:12)
    at AstroComponentInstance.init (file:///root/Chainflow-Trading/dist/server/chunks/astro/server_CxznqVg0.mjs:1456:29)
    at AstroComponentInstance.render (file:///root/Chainflow-Trading/dist/server/chunks/astro/server_CxznqVg0.mjs:1466:30)
    at Object.render (file:///root/Chainflow-Trading/dist/server/chunks/astro/server_CxznqVg0.mjs:2227:23)
    at renderChild (file:///root/Chainflow-Trading/dist/server/chunks/astro/server_CxznqVg0.mjs:1364:18)
    at file:///root/Chainflow-Trading/dist/server/chunks/astro/server_CxznqVg0.mjs:1153:18
    at new BufferedRenderer (file:///root/Chainflow-Trading/dist/server/chunks/astro/server_CxznqVg0.mjs:1048:26)
    at createBufferedRenderer (file:///root/Chainflow-Trading/dist/server/chunks/astro/server_CxznqVg0.mjs:1072:10)
    at file:///root/Chainflow-Trading/dist/server/chunks/astro/server_CxznqVg0.mjs:1151:14
2025-11-07T01:20:24: There was an uncaught error in the middle of the stream while rendering /tags/Trading%20Strategies. TypeError: Cannot read properties of undefined (reading 'map')
    at file:///root/Chainflow-Trading/dist/server/chunks/Tag_NqRzAL3y.mjs:11:376
    at AstroComponentInstance.Tag [as factory] (file:///root/Chainflow-Trading/dist/server/chunks/astro/server_CxznqVg0.mjs:389:12)
    at AstroComponentInstance.init (file:///root/Chainflow-Trading/dist/server/chunks/astro/server_CxznqVg0.mjs:1456:29)
    at AstroComponentInstance.render (file:///root/Chainflow-Trading/dist/server/chunks/astro/server_CxznqVg0.mjs:1466:30)
    at Object.render (file:///root/Chainflow-Trading/dist/server/chunks/astro/server_CxznqVg0.mjs:2227:23)
    at renderChild (file:///root/Chainflow-Trading/dist/server/chunks/astro/server_CxznqVg0.mjs:1364:18)
    at file:///root/Chainflow-Trading/dist/server/chunks/astro/server_CxznqVg0.mjs:1153:18
    at new BufferedRenderer (file:///root/Chainflow-Trading/dist/server/chunks/astro/server_CxznqVg0.mjs:1048:26)
    at createBufferedRenderer (file:///root/Chainflow-Trading/dist/server/chunks/astro/server_CxznqVg0.mjs:1072:10)
    at file:///root/Chainflow-Trading/dist/server/chunks/astro/server_CxznqVg0.mjs:1151:14
2025-11-07T01:20:30: There was an uncaught error in the middle of the stream while rendering /tags/Trading%20Success. TypeError: Cannot read properties of undefined (reading 'map')
    at file:///root/Chainflow-Trading/dist/server/chunks/Tag_NqRzAL3y.mjs:11:376
    at AstroComponentInstance.Tag [as factory] (file:///root/Chainflow-Trading/dist/server/chunks/astro/server_CxznqVg0.mjs:389:12)
    at AstroComponentInstance.init (file:///root/Chainflow-Trading/dist/server/chunks/astro/server_CxznqVg0.mjs:1456:29)
    at AstroComponentInstance.render (file:///root/Chainflow-Trading/dist/server/chunks/astro/server_CxznqVg0.mjs:1466:30)
    at Object.render (file:///root/Chainflow-Trading/dist/server/chunks/astro/server_CxznqVg0.mjs:2227:23)
    at renderChild (file:///root/Chainflow-Trading/dist/server/chunks/astro/server_CxznqVg0.mjs:1364:18)
    at file:///root/Chainflow-Trading/dist/server/chunks/astro/server_CxznqVg0.mjs:1153:18
    at new BufferedRenderer (file:///root/Chainflow-Trading/dist/server/chunks/astro/server_CxznqVg0.mjs:1048:26)
    at createBufferedRenderer (file:///root/Chainflow-Trading/dist/server/chunks/astro/server_CxznqVg0.mjs:1072:10)
    at file:///root/Chainflow-Trading/dist/server/chunks/astro/server_CxznqVg0.mjs:1151:14
